TN:
SF:tmp/backbone.marionette.js
FN:1,(anonymous_1)
FN:4,(anonymous_2)
FN:15,(anonymous_3)
FN:26,(anonymous_4)
FN:34,(anonymous_5)
FN:37,(anonymous_6)
FN:51,(anonymous_7)
FN:68,(anonymous_8)
FN:74,(anonymous_9)
FN:79,(anonymous_10)
FN:85,(anonymous_11)
FN:89,(anonymous_12)
FN:93,(anonymous_13)
FN:100,(anonymous_14)
FN:115,(anonymous_15)
FN:121,(anonymous_16)
FN:122,(anonymous_17)
FN:129,(anonymous_18)
FN:139,(anonymous_19)
FN:140,(anonymous_20)
FN:150,(anonymous_21)
FN:164,(anonymous_22)
FN:169,(anonymous_23)
FN:176,(anonymous_24)
FN:180,(anonymous_25)
FN:192,(anonymous_26)
FN:193,(anonymous_27)
FN:204,(anonymous_28)
FN:213,(anonymous_29)
FN:219,(anonymous_30)
FN:224,(anonymous_31)
FN:230,(anonymous_32)
FN:234,(anonymous_33)
FN:244,(anonymous_34)
FN:247,(anonymous_35)
FN:259,(anonymous_36)
FN:275,(anonymous_37)
FN:280,(anonymous_38)
FN:292,(anonymous_39)
FN:297,(anonymous_40)
FN:305,(anonymous_41)
FN:315,(anonymous_42)
FN:318,(anonymous_43)
FN:325,(anonymous_44)
FN:342,(anonymous_45)
FN:345,(anonymous_46)
FN:358,(anonymous_47)
FN:360,(anonymous_48)
FN:372,(anonymous_49)
FN:374,(anonymous_50)
FN:382,(anonymous_51)
FN:390,(anonymous_52)
FN:394,(anonymous_53)
FN:398,(anonymous_54)
FN:403,(anonymous_55)
FN:409,(anonymous_56)
FN:420,(anonymous_57)
FN:422,(anonymous_58)
FN:430,(anonymous_59)
FN:436,(anonymous_60)
FN:444,(anonymous_61)
FN:445,(anonymous_62)
FN:446,(anonymous_63)
FN:457,(anonymous_64)
FN:458,(anonymous_65)
FN:475,(anonymous_66)
FN:493,throwError
FN:510,(anonymous_68)
FN:524,(anonymous_69)
FN:533,(anonymous_70)
FN:535,(anonymous_71)
FN:552,(anonymous_72)
FN:557,(anonymous_73)
FN:560,(anonymous_74)
FN:574,(anonymous_75)
FN:580,(anonymous_76)
FN:581,(anonymous_77)
FN:596,(anonymous_78)
FN:603,getEventName
FN:608,(anonymous_80)
FN:638,(anonymous_81)
FN:641,handleShow
FN:647,handleRender
FN:653,triggerDOMRefresh
FN:661,isInDOM
FN:666,(anonymous_86)
FN:667,(anonymous_87)
FN:671,(anonymous_88)
FN:696,(anonymous_89)
FN:701,bindFromStrings
FN:704,(anonymous_91)
FN:717,bindToFunction
FN:723,unbindFromStrings
FN:726,(anonymous_94)
FN:733,unbindToFunction
FN:739,iterateEvents
FN:748,(anonymous_97)
FN:762,(anonymous_98)
FN:766,(anonymous_99)
FN:771,(anonymous_100)
FN:776,(anonymous_101)
FN:788,(anonymous_102)
FN:798,(anonymous_103)
FN:803,(anonymous_104)
FN:812,(anonymous_105)
FN:821,(anonymous_106)
FN:826,(anonymous_107)
FN:838,(anonymous_108)
FN:854,(anonymous_109)
FN:880,(anonymous_110)
FN:919,(anonymous_111)
FN:974,(anonymous_112)
FN:1006,(anonymous_113)
FN:1059,(anonymous_114)
FN:1072,(anonymous_115)
FN:1078,(anonymous_116)
FN:1086,(anonymous_117)
FN:1105,(anonymous_118)
FN:1113,(anonymous_119)
FN:1138,(anonymous_120)
FN:1141,(anonymous_121)
FN:1149,(anonymous_122)
FN:1152,(anonymous_123)
FN:1170,(anonymous_124)
FN:1194,(anonymous_125)
FN:1200,(anonymous_126)
FN:1205,(anonymous_127)
FN:1212,(anonymous_128)
FN:1213,(anonymous_129)
FN:1220,(anonymous_130)
FN:1221,(anonymous_131)
FN:1228,(anonymous_132)
FN:1234,(anonymous_133)
FN:1240,(anonymous_134)
FN:1250,(anonymous_135)
FN:1267,(anonymous_136)
FN:1280,(anonymous_137)
FN:1298,(anonymous_138)
FN:1319,(anonymous_139)
FN:1337,(anonymous_140)
FN:1351,(anonymous_141)
FN:1367,(anonymous_142)
FN:1392,(anonymous_143)
FN:1417,(anonymous_144)
FN:1426,(anonymous_145)
FN:1436,(anonymous_146)
FN:1443,(anonymous_147)
FN:1453,(anonymous_148)
FN:1459,(anonymous_149)
FN:1491,(anonymous_150)
FN:1498,(anonymous_151)
FN:1516,(anonymous_152)
FN:1524,(anonymous_153)
FN:1527,(anonymous_154)
FN:1539,(anonymous_155)
FN:1561,(anonymous_156)
FN:1577,(anonymous_157)
FN:1584,(anonymous_158)
FN:1588,(anonymous_159)
FN:1625,(anonymous_160)
FN:1635,(anonymous_161)
FN:1653,(anonymous_162)
FN:1683,(anonymous_163)
FN:1691,(anonymous_164)
FN:1713,(anonymous_165)
FN:1728,(anonymous_166)
FN:1733,(anonymous_167)
FN:1738,(anonymous_168)
FN:1746,(anonymous_169)
FN:1752,(anonymous_170)
FN:1761,(anonymous_171)
FN:1774,(anonymous_172)
FN:1782,(anonymous_173)
FN:1789,(anonymous_174)
FN:1796,(anonymous_175)
FN:1806,(anonymous_176)
FN:1808,(anonymous_177)
FN:1821,(anonymous_178)
FN:1839,(anonymous_179)
FN:1841,(anonymous_180)
FN:1849,(anonymous_181)
FN:1866,(anonymous_182)
FN:1874,(anonymous_183)
FN:1881,(anonymous_184)
FN:1917,(anonymous_185)
FN:1931,(anonymous_186)
FN:1949,(anonymous_187)
FN:1959,(anonymous_188)
FN:1967,(anonymous_189)
FN:1978,(anonymous_190)
FN:1997,(anonymous_191)
FN:2003,(anonymous_192)
FN:2012,(anonymous_193)
FN:2031,(anonymous_194)
FN:2036,(anonymous_195)
FN:2043,(anonymous_196)
FN:2050,(anonymous_197)
FN:2070,(anonymous_198)
FN:2075,(anonymous_199)
FN:2089,(anonymous_200)
FN:2095,(anonymous_201)
FN:2100,(anonymous_202)
FN:2112,(anonymous_203)
FN:2119,(anonymous_204)
FN:2124,(anonymous_205)
FN:2157,(anonymous_206)
FN:2164,(anonymous_207)
FN:2168,(anonymous_208)
FN:2186,(anonymous_209)
FN:2199,(anonymous_210)
FN:2212,(anonymous_211)
FN:2226,(anonymous_212)
FN:2234,(anonymous_213)
FN:2264,(anonymous_214)
FN:2271,(anonymous_215)
FN:2279,(anonymous_216)
FN:2286,(anonymous_217)
FN:2317,(anonymous_218)
FN:2338,(anonymous_219)
FN:2351,(anonymous_220)
FN:2368,(anonymous_221)
FN:2376,(anonymous_222)
FN:2384,(anonymous_223)
FN:2390,(anonymous_224)
FN:2399,(anonymous_225)
FN:2404,(anonymous_226)
FN:2409,(anonymous_227)
FN:2414,(anonymous_228)
FN:2422,(anonymous_229)
FN:2447,(anonymous_230)
FN:2449,(anonymous_231)
FN:2457,(anonymous_232)
FN:2463,(anonymous_233)
FN:2466,(anonymous_234)
FN:2470,(anonymous_235)
FN:2475,(anonymous_236)
FN:2479,(anonymous_237)
FN:2495,(anonymous_238)
FN:2496,Behavior
FN:2508,(anonymous_240)
FN:2518,(anonymous_241)
FN:2521,(anonymous_242)
FN:2558,(anonymous_243)
FN:2560,Behaviors
FN:2577,(anonymous_245)
FN:2583,(anonymous_246)
FN:2588,(anonymous_247)
FN:2599,(anonymous_248)
FN:2604,(anonymous_249)
FN:2609,(anonymous_250)
FN:2613,(anonymous_251)
FN:2618,(anonymous_252)
FN:2622,(anonymous_253)
FN:2628,(anonymous_254)
FN:2632,(anonymous_255)
FN:2638,(anonymous_256)
FN:2642,(anonymous_257)
FN:2658,(anonymous_258)
FN:2689,(anonymous_259)
FN:2700,(anonymous_260)
FN:2711,(anonymous_261)
FN:2712,(anonymous_262)
FN:2727,(anonymous_263)
FN:2728,(anonymous_264)
FN:2759,(anonymous_265)
FN:2772,(anonymous_266)
FN:2779,(anonymous_267)
FN:2792,(anonymous_268)
FN:2797,(anonymous_269)
FN:2802,(anonymous_270)
FN:2806,(anonymous_271)
FN:2826,(anonymous_272)
FN:2840,(anonymous_273)
FN:2845,(anonymous_274)
FN:2852,(anonymous_275)
FN:2859,(anonymous_276)
FN:2869,(anonymous_277)
FN:2874,(anonymous_278)
FN:2881,(anonymous_279)
FN:2888,(anonymous_280)
FN:2893,(anonymous_281)
FN:2898,(anonymous_282)
FN:2913,(anonymous_283)
FN:2916,(anonymous_284)
FN:2920,(anonymous_285)
FN:2925,(anonymous_286)
FN:2929,(anonymous_287)
FN:2950,(anonymous_288)
FN:2982,(anonymous_289)
FN:2986,(anonymous_290)
FN:2993,(anonymous_291)
FN:2998,(anonymous_292)
FN:3003,(anonymous_293)
FN:3021,(anonymous_294)
FN:3030,(anonymous_295)
FN:3044,(anonymous_296)
FN:3050,(anonymous_297)
FN:3070,(anonymous_298)
FN:3084,(anonymous_299)
FN:3103,(anonymous_300)
FN:3113,(anonymous_301)
FN:3137,(anonymous_302)
FN:3156,(anonymous_303)
FN:3167,(anonymous_304)
FN:3183,(anonymous_305)
FN:3195,(anonymous_306)
FN:3204,(anonymous_307)
FNF:307
FNH:273
FNDA:1,(anonymous_1)
FNDA:0,(anonymous_2)
FNDA:1,(anonymous_3)
FNDA:1,(anonymous_4)
FNDA:1,(anonymous_5)
FNDA:250,(anonymous_6)
FNDA:469,(anonymous_7)
FNDA:85,(anonymous_8)
FNDA:85,(anonymous_9)
FNDA:0,(anonymous_10)
FNDA:57,(anonymous_11)
FNDA:85,(anonymous_12)
FNDA:128,(anonymous_13)
FNDA:0,(anonymous_14)
FNDA:0,(anonymous_15)
FNDA:0,(anonymous_16)
FNDA:0,(anonymous_17)
FNDA:847,(anonymous_18)
FNDA:23,(anonymous_19)
FNDA:875,(anonymous_20)
FNDA:0,(anonymous_21)
FNDA:1,(anonymous_22)
FNDA:0,(anonymous_23)
FNDA:1,(anonymous_24)
FNDA:2,(anonymous_25)
FNDA:0,(anonymous_26)
FNDA:0,(anonymous_27)
FNDA:0,(anonymous_28)
FNDA:0,(anonymous_29)
FNDA:0,(anonymous_30)
FNDA:0,(anonymous_31)
FNDA:0,(anonymous_32)
FNDA:0,(anonymous_33)
FNDA:1,(anonymous_34)
FNDA:1,(anonymous_35)
FNDA:0,(anonymous_36)
FNDA:0,(anonymous_37)
FNDA:0,(anonymous_38)
FNDA:1,(anonymous_39)
FNDA:1,(anonymous_40)
FNDA:0,(anonymous_41)
FNDA:0,(anonymous_42)
FNDA:0,(anonymous_43)
FNDA:1,(anonymous_44)
FNDA:1,(anonymous_45)
FNDA:0,(anonymous_46)
FNDA:1,(anonymous_47)
FNDA:1,(anonymous_48)
FNDA:1,(anonymous_49)
FNDA:1,(anonymous_50)
FNDA:0,(anonymous_51)
FNDA:0,(anonymous_52)
FNDA:0,(anonymous_53)
FNDA:0,(anonymous_54)
FNDA:0,(anonymous_55)
FNDA:0,(anonymous_56)
FNDA:1,(anonymous_57)
FNDA:1,(anonymous_58)
FNDA:124,(anonymous_59)
FNDA:124,(anonymous_60)
FNDA:1,(anonymous_61)
FNDA:3,(anonymous_62)
FNDA:17,(anonymous_63)
FNDA:17,(anonymous_64)
FNDA:0,(anonymous_65)
FNDA:0,(anonymous_66)
FNDA:11,throwError
FNDA:6527,(anonymous_68)
FNDA:6200,(anonymous_69)
FNDA:722,(anonymous_70)
FNDA:19,(anonymous_71)
FNDA:1044,(anonymous_72)
FNDA:152,(anonymous_73)
FNDA:127,(anonymous_74)
FNDA:3,(anonymous_75)
FNDA:69,(anonymous_76)
FNDA:19,(anonymous_77)
FNDA:1,(anonymous_78)
FNDA:11665,getEventName
FNDA:5708,(anonymous_80)
FNDA:1,(anonymous_81)
FNDA:92,handleShow
FNDA:725,handleRender
FNDA:817,triggerDOMRefresh
FNDA:67,isInDOM
FNDA:947,(anonymous_86)
FNDA:92,(anonymous_87)
FNDA:725,(anonymous_88)
FNDA:1,(anonymous_89)
FNDA:39,bindFromStrings
FNDA:45,(anonymous_91)
FNDA:36,bindToFunction
FNDA:47,unbindFromStrings
FNDA:53,(anonymous_94)
FNDA:37,unbindToFunction
FNDA:4081,iterateEvents
FNDA:159,(anonymous_97)
FNDA:2029,(anonymous_98)
FNDA:2052,(anonymous_99)
FNDA:1902,(anonymous_100)
FNDA:1919,(anonymous_101)
FNDA:336,(anonymous_102)
FNDA:179,(anonymous_103)
FNDA:70,(anonymous_104)
FNDA:105,(anonymous_105)
FNDA:62,(anonymous_106)
FNDA:32,(anonymous_107)
FNDA:232,(anonymous_108)
FNDA:16,(anonymous_109)
FNDA:228,(anonymous_110)
FNDA:159,(anonymous_111)
FNDA:48,(anonymous_112)
FNDA:140,(anonymous_113)
FNDA:146,(anonymous_114)
FNDA:303,(anonymous_115)
FNDA:136,(anonymous_116)
FNDA:228,(anonymous_117)
FNDA:3,(anonymous_118)
FNDA:24,(anonymous_119)
FNDA:1,(anonymous_120)
FNDA:218,(anonymous_121)
FNDA:98,(anonymous_122)
FNDA:129,(anonymous_123)
FNDA:166,(anonymous_124)
FNDA:31,(anonymous_125)
FNDA:3,(anonymous_126)
FNDA:16,(anonymous_127)
FNDA:13,(anonymous_128)
FNDA:20,(anonymous_129)
FNDA:19,(anonymous_130)
FNDA:26,(anonymous_131)
FNDA:9,(anonymous_132)
FNDA:166,(anonymous_133)
FNDA:36,(anonymous_134)
FNDA:202,(anonymous_135)
FNDA:30,(anonymous_136)
FNDA:178,(anonymous_137)
FNDA:6,(anonymous_138)
FNDA:178,(anonymous_139)
FNDA:30,(anonymous_140)
FNDA:30,(anonymous_141)
FNDA:249,(anonymous_142)
FNDA:948,(anonymous_143)
FNDA:244,(anonymous_144)
FNDA:244,(anonymous_145)
FNDA:988,(anonymous_146)
FNDA:951,(anonymous_147)
FNDA:49,(anonymous_148)
FNDA:25,(anonymous_149)
FNDA:951,(anonymous_150)
FNDA:951,(anonymous_151)
FNDA:959,(anonymous_152)
FNDA:75,(anonymous_153)
FNDA:472,(anonymous_154)
FNDA:203,(anonymous_155)
FNDA:267,(anonymous_156)
FNDA:61,(anonymous_157)
FNDA:205,(anonymous_158)
FNDA:3,(anonymous_159)
FNDA:646,(anonymous_160)
FNDA:155,(anonymous_161)
FNDA:156,(anonymous_162)
FNDA:153,(anonymous_163)
FNDA:155,(anonymous_164)
FNDA:250,(anonymous_165)
FNDA:765,(anonymous_166)
FNDA:259,(anonymous_167)
FNDA:258,(anonymous_168)
FNDA:258,(anonymous_169)
FNDA:256,(anonymous_170)
FNDA:155,(anonymous_171)
FNDA:45,(anonymous_172)
FNDA:23,(anonymous_173)
FNDA:17,(anonymous_174)
FNDA:169,(anonymous_175)
FNDA:18,(anonymous_176)
FNDA:60,(anonymous_177)
FNDA:259,(anonymous_178)
FNDA:198,(anonymous_179)
FNDA:380,(anonymous_180)
FNDA:146,(anonymous_181)
FNDA:304,(anonymous_182)
FNDA:144,(anonymous_183)
FNDA:39,(anonymous_184)
FNDA:257,(anonymous_185)
FNDA:429,(anonymous_186)
FNDA:557,(anonymous_187)
FNDA:333,(anonymous_188)
FNDA:97,(anonymous_189)
FNDA:429,(anonymous_190)
FNDA:468,(anonymous_191)
FNDA:468,(anonymous_192)
FNDA:128,(anonymous_193)
FNDA:572,(anonymous_194)
FNDA:317,(anonymous_195)
FNDA:166,(anonymous_196)
FNDA:446,(anonymous_197)
FNDA:56,(anonymous_198)
FNDA:50,(anonymous_199)
FNDA:33,(anonymous_200)
FNDA:250,(anonymous_201)
FNDA:28,(anonymous_202)
FNDA:294,(anonymous_203)
FNDA:429,(anonymous_204)
FNDA:720,(anonymous_205)
FNDA:95,(anonymous_206)
FNDA:95,(anonymous_207)
FNDA:78,(anonymous_208)
FNDA:172,(anonymous_209)
FNDA:89,(anonymous_210)
FNDA:90,(anonymous_211)
FNDA:92,(anonymous_212)
FNDA:89,(anonymous_213)
FNDA:87,(anonymous_214)
FNDA:92,(anonymous_215)
FNDA:7,(anonymous_216)
FNDA:99,(anonymous_217)
FNDA:89,(anonymous_218)
FNDA:59,(anonymous_219)
FNDA:57,(anonymous_220)
FNDA:5,(anonymous_221)
FNDA:16,(anonymous_222)
FNDA:59,(anonymous_223)
FNDA:5,(anonymous_224)
FNDA:11,(anonymous_225)
FNDA:1,(anonymous_226)
FNDA:75,(anonymous_227)
FNDA:46,(anonymous_228)
FNDA:59,(anonymous_229)
FNDA:16,(anonymous_230)
FNDA:22,(anonymous_231)
FNDA:57,(anonymous_232)
FNDA:59,(anonymous_233)
FNDA:91,(anonymous_234)
FNDA:91,(anonymous_235)
FNDA:13,(anonymous_236)
FNDA:13,(anonymous_237)
FNDA:1,(anonymous_238)
FNDA:53,Behavior
FNDA:11,(anonymous_240)
FNDA:16,(anonymous_241)
FNDA:7,(anonymous_242)
FNDA:1,(anonymous_243)
FNDA:38,Behaviors
FNDA:39,(anonymous_245)
FNDA:56,(anonymous_246)
FNDA:7,(anonymous_247)
FNDA:14,(anonymous_248)
FNDA:7,(anonymous_249)
FNDA:65,(anonymous_250)
FNDA:95,(anonymous_251)
FNDA:39,(anonymous_252)
FNDA:56,(anonymous_253)
FNDA:43,(anonymous_254)
FNDA:61,(anonymous_255)
FNDA:39,(anonymous_256)
FNDA:56,(anonymous_257)
FNDA:40,(anonymous_258)
FNDA:0,(anonymous_259)
FNDA:55,(anonymous_260)
FNDA:93,(anonymous_261)
FNDA:55,(anonymous_262)
FNDA:38,(anonymous_263)
FNDA:304,(anonymous_264)
FNDA:14,(anonymous_265)
FNDA:1,(anonymous_266)
FNDA:15,(anonymous_267)
FNDA:14,(anonymous_268)
FNDA:16,(anonymous_269)
FNDA:15,(anonymous_270)
FNDA:17,(anonymous_271)
FNDA:124,(anonymous_272)
FNDA:0,(anonymous_273)
FNDA:0,(anonymous_274)
FNDA:68,(anonymous_275)
FNDA:19,(anonymous_276)
FNDA:18,(anonymous_277)
FNDA:1,(anonymous_278)
FNDA:5,(anonymous_279)
FNDA:4,(anonymous_280)
FNDA:1,(anonymous_281)
FNDA:105,(anonymous_282)
FNDA:124,(anonymous_283)
FNDA:30,(anonymous_284)
FNDA:30,(anonymous_285)
FNDA:5,(anonymous_286)
FNDA:5,(anonymous_287)
FNDA:101,(anonymous_288)
FNDA:86,(anonymous_289)
FNDA:39,(anonymous_290)
FNDA:24,(anonymous_291)
FNDA:65,(anonymous_292)
FNDA:20,(anonymous_293)
FNDA:36,(anonymous_294)
FNDA:16,(anonymous_295)
FNDA:41,(anonymous_296)
FNDA:41,(anonymous_297)
FNDA:101,(anonymous_298)
FNDA:105,(anonymous_299)
FNDA:136,(anonymous_300)
FNDA:136,(anonymous_301)
FNDA:241,(anonymous_302)
FNDA:136,(anonymous_303)
FNDA:136,(anonymous_304)
FNDA:136,(anonymous_305)
FNDA:136,(anonymous_306)
FNDA:22,(anonymous_307)
DA:1,1
DA:3,1
DA:4,0
DA:5,0
DA:7,1
DA:8,1
DA:9,1
DA:10,1
DA:12,0
DA:26,1
DA:28,1
DA:34,1
DA:37,1
DA:38,250
DA:39,250
DA:40,250
DA:41,250
DA:42,250
DA:46,1
DA:52,469
DA:54,469
DA:56,469
DA:57,469
DA:60,469
DA:61,0
DA:63,469
DA:64,469
DA:69,85
DA:75,85
DA:76,85
DA:80,0
DA:81,0
DA:86,57
DA:90,85
DA:94,128
DA:96,128
DA:97,128
DA:100,128
DA:101,0
DA:102,0
DA:103,0
DA:107,128
DA:109,128
DA:110,128
DA:116,0
DA:122,0
DA:123,0
DA:124,0
DA:130,847
DA:138,1
DA:139,1
DA:140,23
DA:141,875
DA:142,875
DA:143,875
DA:147,1
DA:149,1
DA:150,1
DA:151,0
DA:152,0
DA:154,1
DA:164,1
DA:166,1
DA:167,1
DA:168,1
DA:169,1
DA:170,0
DA:171,0
DA:176,1
DA:180,1
DA:181,2
DA:182,2
DA:183,2
DA:184,0
DA:187,1
DA:190,1
DA:193,0
DA:194,0
DA:195,0
DA:196,0
DA:197,0
DA:199,0
DA:205,0
DA:209,0
DA:210,0
DA:214,0
DA:220,0
DA:221,0
DA:222,0
DA:224,0
DA:225,0
DA:226,0
DA:231,0
DA:235,0
DA:238,1
DA:244,1
DA:247,1
DA:248,1
DA:249,1
DA:250,1
DA:251,0
DA:255,1
DA:260,0
DA:262,0
DA:264,0
DA:269,0
DA:271,0
DA:276,0
DA:277,0
DA:281,0
DA:282,0
DA:285,1
DA:292,1
DA:294,1
DA:298,1
DA:299,1
DA:300,1
DA:301,1
DA:302,1
DA:306,0
DA:307,0
DA:308,0
DA:309,0
DA:311,0
DA:316,0
DA:318,0
DA:319,0
DA:321,0
DA:326,1
DA:327,1
DA:328,1
DA:329,1
DA:331,0
DA:333,1
DA:342,1
DA:344,1
DA:346,0
DA:347,0
DA:348,0
DA:349,0
DA:358,1
DA:360,1
DA:362,1
DA:364,1
DA:365,1
DA:372,1
DA:374,1
DA:375,1
DA:376,1
DA:377,1
DA:378,1
DA:380,1
DA:383,0
DA:384,0
DA:385,0
DA:386,0
DA:387,0
DA:391,0
DA:392,0
DA:395,0
DA:396,0
DA:399,0
DA:400,0
DA:404,0
DA:405,0
DA:407,0
DA:408,0
DA:409,0
DA:410,0
DA:414,1
DA:420,1
DA:422,1
DA:423,1
DA:424,1
DA:425,1
DA:426,1
DA:427,1
DA:429,1
DA:431,124
DA:432,0
DA:434,124
DA:437,124
DA:438,124
DA:439,1
DA:440,1
DA:442,124
DA:445,1
DA:446,3
DA:447,17
DA:452,1
DA:457,1
DA:458,17
DA:459,0
DA:460,0
DA:461,0
DA:464,1
DA:466,1
DA:469,1
DA:471,1
DA:473,1
DA:475,1
DA:476,0
DA:477,0
DA:480,1
DA:483,1
DA:491,1
DA:493,1
DA:494,11
DA:495,11
DA:496,11
DA:503,1
DA:510,1
DA:511,6527
DA:512,6527
DA:514,6527
DA:515,448
DA:517,6079
DA:520,6527
DA:524,1
DA:525,6200
DA:533,1
DA:534,722
DA:535,722
DA:536,19
DA:537,19
DA:538,13
DA:540,19
DA:541,3
DA:543,16
DA:545,722
DA:552,1
DA:553,1044
DA:554,903
DA:557,141
DA:558,152
DA:559,152
DA:560,109
DA:561,127
DA:563,109
DA:567,141
DA:574,1
DA:575,3
DA:580,3
DA:581,69
DA:582,19
DA:583,19
DA:584,19
DA:596,1
DA:599,1
DA:603,1
DA:604,11665
DA:608,1
DA:610,5708
DA:611,5708
DA:612,5708
DA:615,5708
DA:617,622
DA:621,5708
DA:622,5708
DA:625,5708
DA:628,1
DA:638,1
DA:641,1
DA:642,92
DA:643,92
DA:647,1
DA:648,725
DA:649,725
DA:653,1
DA:654,817
DA:655,48
DA:656,48
DA:661,1
DA:662,67
DA:666,1
DA:667,947
DA:668,92
DA:671,947
DA:672,725
DA:696,1
DA:701,1
DA:702,39
DA:704,39
DA:706,45
DA:707,45
DA:708,2
DA:712,43
DA:717,1
DA:718,36
DA:723,1
DA:724,47
DA:726,47
DA:727,53
DA:728,53
DA:733,1
DA:734,37
DA:739,1
DA:740,4081
DA:743,148
DA:744,14
DA:748,148
DA:752,159
DA:753,73
DA:755,86
DA:762,1
DA:763,2029
DA:766,1
DA:767,2052
DA:771,1
DA:772,1902
DA:776,1
DA:777,1919
DA:788,1
DA:789,336
DA:790,336
DA:793,1
DA:799,179
DA:801,179
DA:803,179
DA:804,70
DA:805,70
DA:813,105
DA:822,62
DA:823,62
DA:824,62
DA:826,62
DA:827,32
DA:838,1
DA:839,232
DA:840,232
DA:842,232
DA:843,7
DA:847,1
DA:853,1
DA:855,16
DA:856,16
DA:857,16
DA:859,16
DA:860,16
DA:880,1
DA:881,228
DA:882,228
DA:885,228
DA:887,228
DA:888,1
DA:891,227
DA:893,227
DA:894,1
DA:895,1
DA:903,1
DA:920,159
DA:921,159
DA:922,159
DA:923,159
DA:925,159
DA:926,0
DA:930,159
DA:934,159
DA:935,30
DA:938,159
DA:939,127
DA:940,127
DA:945,159
DA:946,2
DA:949,159
DA:950,62
DA:953,159
DA:954,95
DA:955,95
DA:958,159
DA:959,32
DA:962,159
DA:965,159
DA:973,159
DA:974,95
DA:975,48
DA:976,0
DA:978,48
DA:979,48
DA:980,47
DA:982,48
DA:986,159
DA:994,1
DA:1007,140
DA:1009,139
DA:1010,139
DA:1011,139
DA:1012,139
DA:1015,139
DA:1018,139
DA:1020,139
DA:1021,131
DA:1025,139
DA:1027,139
DA:1028,136
DA:1030,136
DA:1031,17
DA:1034,136
DA:1035,136
DA:1037,136
DA:1038,136
DA:1040,136
DA:1041,17
DA:1044,136
DA:1045,136
DA:1047,136
DA:1048,28
DA:1050,108
DA:1053,136
DA:1056,3
DA:1060,146
DA:1061,124
DA:1062,124
DA:1065,146
DA:1066,1
DA:1073,303
DA:1080,136
DA:1081,136
DA:1087,228
DA:1088,228
DA:1090,58
DA:1093,58
DA:1094,28
DA:1096,58
DA:1098,58
DA:1106,3
DA:1114,24
DA:1116,24
DA:1117,23
DA:1120,24
DA:1132,1
DA:1138,1
DA:1140,1
DA:1142,218
DA:1143,218
DA:1150,98
DA:1152,98
DA:1153,129
DA:1154,102
DA:1157,129
DA:1158,125
DA:1161,129
DA:1162,129
DA:1165,98
DA:1171,166
DA:1173,166
DA:1174,166
DA:1175,166
DA:1177,166
DA:1178,157
DA:1179,9
DA:1180,2
DA:1182,7
DA:1185,166
DA:1187,166
DA:1189,166
DA:1190,166
DA:1195,31
DA:1201,3
DA:1206,16
DA:1207,16
DA:1213,13
DA:1214,20
DA:1221,19
DA:1222,26
DA:1229,9
DA:1230,9
DA:1235,166
DA:1236,166
DA:1241,36
DA:1242,36
DA:1243,36
DA:1244,36
DA:1245,36
DA:1246,36
DA:1251,202
DA:1256,1
DA:1258,1
DA:1267,1
DA:1268,30
DA:1274,1
DA:1281,178
DA:1283,178
DA:1284,30
DA:1285,30
DA:1288,178
DA:1299,6
DA:1300,6
DA:1301,6
DA:1303,6
DA:1304,4
DA:1305,6
DA:1308,2
DA:1316,1
DA:1321,178
DA:1322,148
DA:1326,30
DA:1327,30
DA:1329,30
DA:1338,30
DA:1340,30
DA:1341,0
DA:1344,30
DA:1352,30
DA:1361,1
DA:1368,249
DA:1369,3
DA:1373,246
DA:1374,246
DA:1375,85
DA:1377,161
DA:1380,246
DA:1390,1
DA:1393,948
DA:1399,948
DA:1401,948
DA:1403,948
DA:1404,38
DA:1407,948
DA:1409,947
DA:1410,947
DA:1418,244
DA:1427,244
DA:1428,244
DA:1429,244
DA:1430,3
DA:1432,244
DA:1437,988
DA:1438,988
DA:1444,951
DA:1446,40
DA:1449,40
DA:1453,40
DA:1455,49
DA:1456,49
DA:1459,49
DA:1462,25
DA:1463,25
DA:1464,25
DA:1466,25
DA:1467,25
DA:1469,25
DA:1470,25
DA:1474,25
DA:1481,25
DA:1486,40
DA:1492,951
DA:1493,951
DA:1494,950
DA:1499,951
DA:1500,951
DA:1502,951
DA:1505,951
DA:1506,951
DA:1509,951
DA:1511,951
DA:1517,959
DA:1518,959
DA:1519,959
DA:1520,959
DA:1528,472
DA:1529,5
DA:1530,5
DA:1531,5
DA:1540,203
DA:1542,198
DA:1544,198
DA:1549,198
DA:1550,198
DA:1553,198
DA:1556,198
DA:1562,267
DA:1566,39
DA:1567,36
DA:1571,39
DA:1574,39
DA:1577,39
DA:1578,61
DA:1579,61
DA:1585,205
DA:1588,3
DA:1589,3
DA:1593,3
DA:1594,3
DA:1621,1
DA:1626,646
DA:1636,155
DA:1638,155
DA:1639,86
DA:1641,69
DA:1642,2
DA:1645,155
DA:1654,156
DA:1656,155
DA:1658,155
DA:1659,155
DA:1661,155
DA:1662,155
DA:1663,154
DA:1664,154
DA:1666,154
DA:1668,154
DA:1684,153
DA:1686,153
DA:1692,155
DA:1694,153
DA:1703,1
DA:1714,250
DA:1715,250
DA:1717,250
DA:1719,250
DA:1721,250
DA:1722,250
DA:1729,765
DA:1730,765
DA:1734,259
DA:1735,259
DA:1739,258
DA:1740,258
DA:1741,258
DA:1742,256
DA:1743,256
DA:1747,258
DA:1748,2
DA:1753,256
DA:1754,2
DA:1755,2
DA:1762,155
DA:1763,144
DA:1764,144
DA:1765,144
DA:1767,144
DA:1768,142
DA:1775,45
DA:1776,45
DA:1777,45
DA:1778,45
DA:1783,23
DA:1784,23
DA:1785,23
DA:1790,17
DA:1797,169
DA:1798,167
DA:1799,167
DA:1800,166
DA:1801,166
DA:1808,18
DA:1809,60
DA:1810,60
DA:1813,18
DA:1814,10
DA:1822,259
DA:1824,259
DA:1825,259
DA:1827,259
DA:1828,198
DA:1829,198
DA:1830,197
DA:1832,61
DA:1835,258
DA:1840,198
DA:1841,198
DA:1842,380
DA:1843,379
DA:1850,146
DA:1852,146
DA:1853,39
DA:1855,39
DA:1856,39
DA:1857,39
DA:1859,39
DA:1867,304
DA:1868,10
DA:1869,10
DA:1875,144
DA:1884,39
DA:1887,39
DA:1888,2
DA:1892,39
DA:1896,39
DA:1897,0
DA:1902,39
DA:1905,39
DA:1909,39
DA:1910,0
DA:1918,257
DA:1920,257
DA:1921,1
DA:1924,256
DA:1932,429
DA:1933,429
DA:1934,4
DA:1937,429
DA:1940,429
DA:1942,429
DA:1944,429
DA:1950,557
DA:1951,16
DA:1954,541
DA:1956,413
DA:1959,413
DA:1960,333
DA:1961,18
DA:1967,128
DA:1968,97
DA:1969,81
DA:1980,429
DA:1982,429
DA:1986,429
DA:1987,429
DA:1989,429
DA:1990,4
DA:1993,429
DA:1998,468
DA:1999,468
DA:2004,468
DA:2005,468
DA:2014,128
DA:2015,128
DA:2017,128
DA:2018,1
DA:2020,128
DA:2021,128
DA:2022,128
DA:2025,128
DA:2032,572
DA:2037,317
DA:2038,85
DA:2044,166
DA:2051,446
DA:2055,390
DA:2056,390
DA:2062,56
DA:2063,40
DA:2071,56
DA:2072,56
DA:2073,56
DA:2075,22
DA:2076,50
DA:2080,56
DA:2081,16
DA:2082,16
DA:2085,40
DA:2090,33
DA:2096,250
DA:2101,28
DA:2103,24
DA:2104,24
DA:2105,24
DA:2107,24
DA:2113,294
DA:2114,294
DA:2120,429
DA:2124,429
DA:2125,720
DA:2126,720
DA:2127,720
DA:2129,720
DA:2130,720
DA:2133,720
DA:2134,6
DA:2137,720
DA:2150,1
DA:2158,95
DA:2168,95
DA:2169,78
DA:2170,70
DA:2171,70
DA:2172,70
DA:2174,70
DA:2175,68
DA:2187,172
DA:2189,172
DA:2190,0
DA:2193,172
DA:2200,89
DA:2202,89
DA:2203,49
DA:2206,89
DA:2213,90
DA:2214,89
DA:2215,89
DA:2217,89
DA:2219,89
DA:2220,88
DA:2222,86
DA:2223,86
DA:2227,92
DA:2228,92
DA:2235,89
DA:2236,89
DA:2237,89
DA:2239,89
DA:2241,89
DA:2242,89
DA:2243,88
DA:2248,88
DA:2249,88
DA:2265,87
DA:2267,87
DA:2272,92
DA:2273,90
DA:2280,7
DA:2281,7
DA:2287,99
DA:2288,11
DA:2291,88
DA:2292,88
DA:2293,88
DA:2295,10
DA:2297,10
DA:2298,2
DA:2300,8
DA:2303,10
DA:2304,2
DA:2309,78
DA:2312,86
DA:2313,86
DA:2318,89
DA:2319,9
DA:2333,1
DA:2339,59
DA:2341,59
DA:2342,59
DA:2344,59
DA:2352,57
DA:2354,56
DA:2357,40
DA:2361,16
DA:2364,56
DA:2369,5
DA:2371,5
DA:2372,5
DA:2377,16
DA:2378,16
DA:2379,16
DA:2380,16
DA:2385,59
DA:2386,59
DA:2391,5
DA:2392,5
DA:2393,5
DA:2400,11
DA:2405,1
DA:2410,75
DA:2412,75
DA:2414,46
DA:2417,75
DA:2423,59
DA:2424,59
DA:2426,59
DA:2427,2
DA:2429,57
DA:2433,59
DA:2436,59
DA:2437,3
DA:2440,59
DA:2442,59
DA:2448,16
DA:2449,16
DA:2450,22
DA:2458,57
DA:2464,59
DA:2466,59
DA:2467,91
DA:2470,59
DA:2471,91
DA:2472,91
DA:2475,59
DA:2476,13
DA:2479,59
DA:2480,13
DA:2481,13
DA:2495,1
DA:2496,1
DA:2501,53
DA:2502,53
DA:2503,53
DA:2508,53
DA:2509,11
DA:2514,53
DA:2517,1
DA:2522,7
DA:2543,1
DA:2545,1
DA:2558,1
DA:2560,1
DA:2563,38
DA:2568,38
DA:2576,1
DA:2578,39
DA:2583,39
DA:2584,56
DA:2589,7
DA:2590,7
DA:2596,7
DA:2600,14
DA:2601,14
DA:2605,7
DA:2606,7
DA:2610,65
DA:2611,65
DA:2613,65
DA:2614,95
DA:2619,39
DA:2620,39
DA:2622,39
DA:2623,56
DA:2624,56
DA:2629,43
DA:2630,43
DA:2632,43
DA:2633,61
DA:2634,61
DA:2639,39
DA:2640,39
DA:2642,39
DA:2643,56
DA:2644,56
DA:2645,56
DA:2652,56
DA:2656,56
DA:2658,56
DA:2664,40
DA:2665,40
DA:2666,40
DA:2668,40
DA:2671,56
DA:2674,39
DA:2678,1
DA:2690,0
DA:2701,55
DA:2702,5
DA:2706,50
DA:2712,93
DA:2713,55
DA:2715,55
DA:2716,55
DA:2718,55
DA:2728,38
DA:2729,304
DA:2734,1
DA:2757,1
DA:2760,14
DA:2762,14
DA:2764,14
DA:2765,14
DA:2766,14
DA:2767,13
DA:2773,1
DA:2774,1
DA:2781,15
DA:2784,15
DA:2785,2
DA:2793,14
DA:2795,12
DA:2797,12
DA:2798,16
DA:2803,15
DA:2807,17
DA:2809,17
DA:2810,1
DA:2813,16
DA:2826,1
DA:2827,124
DA:2828,124
DA:2829,124
DA:2830,124
DA:2831,124
DA:2832,124
DA:2833,124
DA:2835,124
DA:2838,1
DA:2841,0
DA:2846,0
DA:2853,68
DA:2860,19
DA:2861,19
DA:2862,19
DA:2870,18
DA:2875,1
DA:2882,5
DA:2889,4
DA:2894,1
DA:2901,105
DA:2905,105
DA:2906,105
DA:2909,105
DA:2914,124
DA:2916,124
DA:2917,30
DA:2920,124
DA:2921,30
DA:2922,30
DA:2925,124
DA:2926,5
DA:2929,124
DA:2930,5
DA:2931,5
DA:2941,1
DA:2950,1
DA:2951,101
DA:2952,101
DA:2955,101
DA:2958,101
DA:2960,101
DA:2964,101
DA:2967,101
DA:2969,101
DA:2970,101
DA:2974,1
DA:2978,1
DA:2987,39
DA:2994,24
DA:3000,65
DA:3003,44
DA:3005,20
DA:3006,18
DA:3011,44
DA:3013,44
DA:3014,44
DA:3016,44
DA:3023,36
DA:3024,30
DA:3026,30
DA:3030,30
DA:3033,30
DA:3036,30
DA:3037,30
DA:3039,30
DA:3045,41
DA:3052,41
DA:3055,41
DA:3064,41
DA:3071,101
DA:3072,101
DA:3081,1
DA:3085,105
DA:3089,105
DA:3090,105
DA:3095,105
DA:3096,105
DA:3099,105
DA:3100,105
DA:3103,105
DA:3104,136
DA:3105,136
DA:3106,136
DA:3110,105
DA:3114,136
DA:3115,136
DA:3118,136
DA:3120,136
DA:3122,101
DA:3123,101
DA:3125,101
DA:3128,136
DA:3138,241
DA:3140,241
DA:3141,126
DA:3146,115
DA:3147,12
DA:3150,103
DA:3157,136
DA:3158,136
DA:3160,136
DA:3161,41
DA:3164,136
DA:3168,136
DA:3170,136
DA:3171,6
DA:3172,6
DA:3175,130
DA:3176,47
DA:3177,47
DA:3180,83
DA:3184,136
DA:3185,25
DA:3188,111
DA:3189,28
DA:3192,83
DA:3196,136
DA:3198,136
DA:3199,45
DA:3202,91
DA:3204,91
DA:3205,22
DA:3206,22
DA:3213,1
LF:1089
LH:997
BRDA:3,1,0,0
BRDA:3,1,1,1
BRDA:3,2,0,1
BRDA:3,2,1,0
BRDA:7,3,0,1
BRDA:7,3,1,0
BRDA:56,4,0,469
BRDA:56,4,1,0
BRDA:60,5,0,0
BRDA:60,5,1,469
BRDA:96,6,0,128
BRDA:96,6,1,0
BRDA:101,7,0,0
BRDA:101,7,1,0
BRDA:123,8,0,0
BRDA:123,8,1,0
BRDA:124,9,0,0
BRDA:124,9,1,0
BRDA:183,10,0,0
BRDA:183,10,1,2
BRDA:195,11,0,0
BRDA:195,11,1,0
BRDA:195,12,0,0
BRDA:195,12,1,0
BRDA:221,13,0,0
BRDA:221,13,1,0
BRDA:250,14,0,0
BRDA:250,14,1,1
BRDA:262,15,0,0
BRDA:262,15,1,0
BRDA:298,16,0,1
BRDA:298,16,1,1
BRDA:308,17,0,0
BRDA:308,17,1,0
BRDA:327,18,0,1
BRDA:327,18,1,1
BRDA:328,19,0,1
BRDA:328,19,1,0
BRDA:348,20,0,0
BRDA:348,20,1,0
BRDA:404,21,0,0
BRDA:404,21,1,0
BRDA:407,22,0,0
BRDA:407,22,1,0
BRDA:408,23,0,0
BRDA:408,23,1,0
BRDA:431,24,0,0
BRDA:431,24,1,124
BRDA:438,25,0,1
BRDA:438,25,1,123
BRDA:495,26,0,11
BRDA:495,26,1,4
BRDA:511,27,0,0
BRDA:511,27,1,6527
BRDA:511,28,0,6527
BRDA:511,28,1,6527
BRDA:514,29,0,448
BRDA:514,29,1,6079
BRDA:514,30,0,6527
BRDA:514,30,1,6383
BRDA:537,31,0,13
BRDA:537,31,1,6
BRDA:540,32,0,3
BRDA:540,32,1,16
BRDA:553,33,0,903
BRDA:553,33,1,141
BRDA:559,34,0,109
BRDA:559,34,1,43
BRDA:615,35,0,622
BRDA:615,35,1,5086
BRDA:621,36,0,5708
BRDA:621,36,1,0
BRDA:654,37,0,48
BRDA:654,37,1,769
BRDA:654,38,0,817
BRDA:654,38,1,98
BRDA:654,38,2,67
BRDA:655,39,0,48
BRDA:655,39,1,0
BRDA:707,40,0,2
BRDA:707,40,1,43
BRDA:740,41,0,3933
BRDA:740,41,1,148
BRDA:740,42,0,4081
BRDA:740,42,1,1850
BRDA:743,43,0,14
BRDA:743,43,1,134
BRDA:752,44,0,73
BRDA:752,44,1,86
BRDA:804,45,0,1
BRDA:804,45,1,69
BRDA:840,46,0,232
BRDA:840,46,1,227
BRDA:842,47,0,7
BRDA:842,47,1,225
BRDA:881,48,0,228
BRDA:881,48,1,55
BRDA:885,49,0,5
BRDA:885,49,1,223
BRDA:887,50,0,1
BRDA:887,50,1,227
BRDA:893,51,0,1
BRDA:893,51,1,226
BRDA:925,52,0,0
BRDA:925,52,1,159
BRDA:925,53,0,159
BRDA:925,53,1,157
BRDA:925,53,2,127
BRDA:934,54,0,30
BRDA:934,54,1,129
BRDA:938,55,0,127
BRDA:938,55,1,32
BRDA:945,56,0,2
BRDA:945,56,1,157
BRDA:949,57,0,62
BRDA:949,57,1,97
BRDA:949,58,0,159
BRDA:949,58,1,157
BRDA:953,59,0,95
BRDA:953,59,1,64
BRDA:958,60,0,32
BRDA:958,60,1,127
BRDA:958,61,0,159
BRDA:958,61,1,129
BRDA:973,62,0,95
BRDA:973,62,1,64
BRDA:975,63,0,0
BRDA:975,63,1,48
BRDA:979,64,0,47
BRDA:979,64,1,1
BRDA:1009,65,0,139
BRDA:1009,65,1,133
BRDA:1018,66,0,139
BRDA:1018,66,1,137
BRDA:1020,67,0,131
BRDA:1020,67,1,8
BRDA:1025,68,0,139
BRDA:1025,68,1,6
BRDA:1027,69,0,136
BRDA:1027,69,1,3
BRDA:1030,70,0,17
BRDA:1030,70,1,119
BRDA:1040,71,0,17
BRDA:1040,71,1,119
BRDA:1047,72,0,28
BRDA:1047,72,1,108
BRDA:1060,73,0,124
BRDA:1060,73,1,22
BRDA:1065,74,0,1
BRDA:1065,74,1,145
BRDA:1065,75,0,146
BRDA:1065,75,1,146
BRDA:1088,76,0,170
BRDA:1088,76,1,58
BRDA:1088,77,0,228
BRDA:1088,77,1,59
BRDA:1093,78,0,30
BRDA:1093,78,1,28
BRDA:1094,79,0,28
BRDA:1094,79,1,0
BRDA:1116,80,0,23
BRDA:1116,80,1,1
BRDA:1153,81,0,102
BRDA:1153,81,1,27
BRDA:1157,82,0,125
BRDA:1157,82,1,4
BRDA:1177,83,0,157
BRDA:1177,83,1,9
BRDA:1177,84,0,166
BRDA:1177,84,1,136
BRDA:1177,84,2,136
BRDA:1179,85,0,2
BRDA:1179,85,1,7
BRDA:1283,86,0,30
BRDA:1283,86,1,148
BRDA:1303,87,0,4
BRDA:1303,87,1,2
BRDA:1321,88,0,148
BRDA:1321,88,1,30
BRDA:1340,89,0,0
BRDA:1340,89,1,30
BRDA:1340,90,0,30
BRDA:1340,90,1,30
BRDA:1368,91,0,3
BRDA:1368,91,1,246
BRDA:1374,92,0,85
BRDA:1374,92,1,161
BRDA:1399,93,0,1
BRDA:1399,93,1,947
BRDA:1403,94,0,38
BRDA:1403,94,1,910
BRDA:1427,95,0,244
BRDA:1427,95,1,0
BRDA:1429,96,0,3
BRDA:1429,96,1,241
BRDA:1444,97,0,911
BRDA:1444,97,1,40
BRDA:1456,98,0,22
BRDA:1456,98,1,27
BRDA:1462,99,0,25
BRDA:1462,99,1,0
BRDA:1466,100,0,5
BRDA:1466,100,1,20
BRDA:1467,101,0,5
BRDA:1467,101,1,20
BRDA:1469,102,0,23
BRDA:1469,102,1,2
BRDA:1469,103,0,25
BRDA:1469,103,1,23
BRDA:1470,104,0,22
BRDA:1470,104,1,3
BRDA:1470,105,0,25
BRDA:1470,105,1,22
BRDA:1499,106,0,951
BRDA:1499,106,1,951
BRDA:1500,107,0,0
BRDA:1500,107,1,951
BRDA:1505,108,0,951
BRDA:1505,108,1,912
BRDA:1528,109,0,5
BRDA:1528,109,1,467
BRDA:1540,110,0,5
BRDA:1540,110,1,198
BRDA:1562,111,0,228
BRDA:1562,111,1,39
BRDA:1566,112,0,36
BRDA:1566,112,1,3
BRDA:1585,113,0,202
BRDA:1585,113,1,3
BRDA:1585,114,0,205
BRDA:1585,114,1,4
BRDA:1638,115,0,86
BRDA:1638,115,1,69
BRDA:1641,116,0,2
BRDA:1641,116,1,67
BRDA:1692,117,0,2
BRDA:1692,117,1,153
BRDA:1714,118,0,250
BRDA:1714,118,1,14
BRDA:1715,119,0,246
BRDA:1715,119,1,4
BRDA:1747,120,0,2
BRDA:1747,120,1,256
BRDA:1753,121,0,2
BRDA:1753,121,1,254
BRDA:1762,122,0,144
BRDA:1762,122,1,11
BRDA:1767,123,0,142
BRDA:1767,123,1,2
BRDA:1810,124,0,60
BRDA:1810,124,1,56
BRDA:1813,125,0,10
BRDA:1813,125,1,8
BRDA:1827,126,0,198
BRDA:1827,126,1,61
BRDA:1852,127,0,39
BRDA:1852,127,1,107
BRDA:1852,128,0,146
BRDA:1852,128,1,73
BRDA:1867,129,0,10
BRDA:1867,129,1,294
BRDA:1884,130,0,39
BRDA:1884,130,1,31
BRDA:1887,131,0,2
BRDA:1887,131,1,37
BRDA:1896,132,0,0
BRDA:1896,132,1,39
BRDA:1909,133,0,0
BRDA:1909,133,1,39
BRDA:1920,134,0,1
BRDA:1920,134,1,256
BRDA:1933,135,0,4
BRDA:1933,135,1,425
BRDA:1950,136,0,16
BRDA:1950,136,1,541
BRDA:1954,137,0,413
BRDA:1954,137,1,128
BRDA:1960,138,0,18
BRDA:1960,138,1,315
BRDA:1968,139,0,81
BRDA:1968,139,1,16
BRDA:1989,140,0,4
BRDA:1989,140,1,425
BRDA:1989,141,0,429
BRDA:1989,141,1,6
BRDA:2014,142,0,128
BRDA:2014,142,1,0
BRDA:2017,143,0,127
BRDA:2017,143,1,1
BRDA:2018,144,0,1
BRDA:2018,144,1,0
BRDA:2032,145,0,572
BRDA:2032,145,1,542
BRDA:2037,146,0,85
BRDA:2037,146,1,232
BRDA:2051,147,0,390
BRDA:2051,147,1,56
BRDA:2062,148,0,40
BRDA:2062,148,1,16
BRDA:2072,149,0,56
BRDA:2072,149,1,52
BRDA:2073,150,0,22
BRDA:2073,150,1,34
BRDA:2080,151,0,16
BRDA:2080,151,1,40
BRDA:2101,152,0,4
BRDA:2101,152,1,24
BRDA:2133,153,0,6
BRDA:2133,153,1,714
BRDA:2133,154,0,720
BRDA:2133,154,1,720
BRDA:2169,155,0,70
BRDA:2169,155,1,8
BRDA:2174,156,0,68
BRDA:2174,156,1,2
BRDA:2187,157,0,172
BRDA:2187,157,1,6
BRDA:2189,158,0,0
BRDA:2189,158,1,172
BRDA:2202,159,0,49
BRDA:2202,159,1,40
BRDA:2227,160,0,92
BRDA:2227,160,1,0
BRDA:2287,161,0,11
BRDA:2287,161,1,88
BRDA:2293,162,0,10
BRDA:2293,162,1,78
BRDA:2295,163,0,1
BRDA:2295,163,1,9
BRDA:2297,164,0,2
BRDA:2297,164,1,8
BRDA:2297,165,0,10
BRDA:2297,165,1,2
BRDA:2303,166,0,2
BRDA:2303,166,1,8
BRDA:2318,167,0,9
BRDA:2318,167,1,80
BRDA:2339,168,0,59
BRDA:2339,168,1,32
BRDA:2354,169,0,40
BRDA:2354,169,1,16
BRDA:2369,170,0,0
BRDA:2369,170,1,5
BRDA:2426,171,0,2
BRDA:2426,171,1,57
BRDA:2429,172,0,57
BRDA:2429,172,1,25
BRDA:2436,173,0,3
BRDA:2436,173,1,56
BRDA:2502,174,0,53
BRDA:2502,174,1,53
BRDA:2563,175,0,38
BRDA:2563,175,1,38
BRDA:2644,176,0,56
BRDA:2644,176,1,21
BRDA:2666,177,0,26
BRDA:2666,177,1,14
BRDA:2701,178,0,5
BRDA:2701,178,1,50
BRDA:2706,179,0,1
BRDA:2706,179,1,49
BRDA:2762,180,0,14
BRDA:2762,180,1,3
BRDA:2784,181,0,2
BRDA:2784,181,1,13
BRDA:2793,182,0,2
BRDA:2793,182,1,12
BRDA:2809,183,0,1
BRDA:2809,183,1,16
BRDA:2955,184,0,101
BRDA:2955,184,1,100
BRDA:2969,185,0,101
BRDA:2969,185,1,0
BRDA:3000,186,0,21
BRDA:3000,186,1,44
BRDA:3005,187,0,18
BRDA:3005,187,1,2
BRDA:3023,188,0,6
BRDA:3023,188,1,30
BRDA:3052,189,0,0
BRDA:3052,189,1,41
BRDA:3120,190,0,101
BRDA:3120,190,1,35
BRDA:3140,191,0,126
BRDA:3140,191,1,115
BRDA:3146,192,0,12
BRDA:3146,192,1,103
BRDA:3150,193,0,103
BRDA:3150,193,1,85
BRDA:3160,194,0,41
BRDA:3160,194,1,95
BRDA:3170,195,0,6
BRDA:3170,195,1,130
BRDA:3170,196,0,136
BRDA:3170,196,1,31
BRDA:3172,197,0,5
BRDA:3172,197,1,1
BRDA:3175,198,0,47
BRDA:3175,198,1,83
BRDA:3177,199,0,38
BRDA:3177,199,1,9
BRDA:3184,200,0,25
BRDA:3184,200,1,111
BRDA:3184,201,0,136
BRDA:3184,201,1,31
BRDA:3188,202,0,28
BRDA:3188,202,1,83
BRDA:3196,203,0,136
BRDA:3196,203,1,130
BRDA:3198,204,0,45
BRDA:3198,204,1,91
BRDA:3198,205,0,136
BRDA:3198,205,1,120
BRDA:3205,206,0,22
BRDA:3205,206,1,0
BRF:415
BRH:361
end_of_record
