{"./src/build/marionette.core.js":{"path":"./src/build/marionette.core.js","s":{"1":1,"2":1,"3":1,"4":1,"5":1},"b":{},"f":{"1":1},"fnMap":{"1":{"name":"(anonymous_1)","line":1,"loc":{"start":{"line":1,"column":18},"end":{"line":1,"column":47}}}},"statementMap":{"1":{"start":{"line":1,"column":0},"end":{"line":36,"column":22}},"2":{"start":{"line":5,"column":2},"end":{"line":5,"column":22}},"3":{"start":{"line":6,"column":2},"end":{"line":6,"column":35}},"4":{"start":{"line":9,"column":2},"end":{"line":9,"column":28}},"5":{"start":{"line":35,"column":2},"end":{"line":35,"column":20}}},"branchMap":{}},"./spec/javascripts/support/marionette.support.js":{"path":"./spec/javascripts/support/marionette.support.js","s":{"1":1},"b":{},"f":{},"fnMap":{},"statementMap":{"1":{"start":{"line":1,"column":0},"end":{"line":1,"column":33}}},"branchMap":{}},"./src/marionette.helpers.js":{"path":"./src/marionette.helpers.js","s":{"1":1,"2":1,"3":1379,"4":1,"5":3,"6":3,"7":3,"8":1,"9":1,"10":3762,"11":0,"12":3762,"13":3762,"14":183,"15":3579,"16":3762},"b":{"1":[3,1],"2":[0,3762],"3":[3762,3762],"4":[183,3579],"5":[3762,3724,186]},"f":{"1":1379,"2":3,"3":3762},"fnMap":{"1":{"name":"slice","line":6,"loc":{"start":{"line":6,"column":0},"end":{"line":6,"column":21}}},"2":{"name":"throwError","line":10,"loc":{"start":{"line":10,"column":0},"end":{"line":10,"column":35}}},"3":{"name":"(anonymous_3)","line":27,"loc":{"start":{"line":27,"column":23},"end":{"line":27,"column":51}}}},"statementMap":{"1":{"start":{"line":5,"column":0},"end":{"line":5,"column":39}},"2":{"start":{"line":6,"column":0},"end":{"line":8,"column":1}},"3":{"start":{"line":7,"column":2},"end":{"line":7,"column":31}},"4":{"start":{"line":10,"column":0},"end":{"line":14,"column":1}},"5":{"start":{"line":11,"column":2},"end":{"line":11,"column":33}},"6":{"start":{"line":12,"column":2},"end":{"line":12,"column":31}},"7":{"start":{"line":13,"column":2},"end":{"line":13,"column":14}},"8":{"start":{"line":20,"column":0},"end":{"line":20,"column":42}},"9":{"start":{"line":27,"column":0},"end":{"line":38,"column":2}},"10":{"start":{"line":28,"column":2},"end":{"line":28,"column":40}},"11":{"start":{"line":28,"column":31},"end":{"line":28,"column":38}},"12":{"start":{"line":29,"column":2},"end":{"line":29,"column":12}},"13":{"start":{"line":31,"column":2},"end":{"line":35,"column":3}},"14":{"start":{"line":32,"column":4},"end":{"line":32,"column":39}},"15":{"start":{"line":34,"column":4},"end":{"line":34,"column":31}},"16":{"start":{"line":37,"column":2},"end":{"line":37,"column":15}}},"branchMap":{"1":{"line":12,"type":"binary-expr","locations":[{"start":{"line":12,"column":15},"end":{"line":12,"column":19}},{"start":{"line":12,"column":23},"end":{"line":12,"column":30}}]},"2":{"line":28,"type":"if","locations":[{"start":{"line":28,"column":2},"end":{"line":28,"column":2}},{"start":{"line":28,"column":2},"end":{"line":28,"column":2}}]},"3":{"line":28,"type":"binary-expr","locations":[{"start":{"line":28,"column":6},"end":{"line":28,"column":13}},{"start":{"line":28,"column":17},"end":{"line":28,"column":28}}]},"4":{"line":31,"type":"if","locations":[{"start":{"line":31,"column":2},"end":{"line":31,"column":2}},{"start":{"line":31,"column":2},"end":{"line":31,"column":2}}]},"5":{"line":31,"type":"binary-expr","locations":[{"start":{"line":31,"column":6},"end":{"line":31,"column":20}},{"start":{"line":31,"column":25},"end":{"line":31,"column":53}},{"start":{"line":31,"column":59},"end":{"line":31,"column":99}}]}}},"./src/marionette.triggermethod.js":{"path":"./src/marionette.triggermethod.js","s":{"1":1,"2":1,"3":1,"4":7835,"5":1,"6":3602,"7":3602,"8":3602,"9":3601,"10":3602,"11":390,"12":1},"b":{"1":[3601,1],"2":[390,3212]},"f":{"1":1,"2":7835,"3":3602},"fnMap":{"1":{"name":"(anonymous_1)","line":8,"loc":{"start":{"line":8,"column":28},"end":{"line":8,"column":38}}},"2":{"name":"getEventName","line":15,"loc":{"start":{"line":15,"column":2},"end":{"line":15,"column":50}}},"3":{"name":"(anonymous_3)","line":20,"loc":{"start":{"line":20,"column":22},"end":{"line":20,"column":38}}}},"statementMap":{"1":{"start":{"line":8,"column":0},"end":{"line":38,"column":5}},"2":{"start":{"line":11,"column":2},"end":{"line":11,"column":31}},"3":{"start":{"line":15,"column":2},"end":{"line":17,"column":3}},"4":{"start":{"line":16,"column":4},"end":{"line":16,"column":35}},"5":{"start":{"line":20,"column":2},"end":{"line":35,"column":4}},"6":{"start":{"line":22,"column":4},"end":{"line":22,"column":66}},"7":{"start":{"line":23,"column":4},"end":{"line":23,"column":34}},"8":{"start":{"line":26,"column":4},"end":{"line":28,"column":5}},"9":{"start":{"line":27,"column":6},"end":{"line":27,"column":42}},"10":{"start":{"line":31,"column":4},"end":{"line":34,"column":5}},"11":{"start":{"line":33,"column":6},"end":{"line":33,"column":51}},"12":{"start":{"line":37,"column":2},"end":{"line":37,"column":23}}},"branchMap":{"1":{"line":26,"type":"if","locations":[{"start":{"line":26,"column":4},"end":{"line":26,"column":4}},{"start":{"line":26,"column":4},"end":{"line":26,"column":4}}]},"2":{"line":31,"type":"if","locations":[{"start":{"line":31,"column":4},"end":{"line":31,"column":4}},{"start":{"line":31,"column":4},"end":{"line":31,"column":4}}]}}},"./src/marionette.bindEntityEvents.js":{"path":"./src/marionette.bindEntityEvents.js","s":{"1":1,"2":1,"3":25,"4":25,"5":29,"6":29,"7":1,"8":28,"9":1,"10":8,"11":1,"12":33,"13":33,"14":37,"15":37,"16":1,"17":8,"18":1,"19":2295,"20":2221,"21":74,"22":8,"23":74,"24":74,"25":16,"26":58,"27":1,"28":1143,"29":1,"30":1152},"b":{"1":[1,28],"2":[2221,74],"3":[2295,1054],"4":[8,66],"5":[16,58]},"f":{"1":1,"2":25,"3":29,"4":8,"5":33,"6":37,"7":8,"8":2295,"9":74,"10":1143,"11":1152},"fnMap":{"1":{"name":"(anonymous_1)","line":17,"loc":{"start":{"line":17,"column":1},"end":{"line":17,"column":21}}},"2":{"name":"bindFromStrings","line":22,"loc":{"start":{"line":22,"column":2},"end":{"line":22,"column":56}}},"3":{"name":"(anonymous_3)","line":25,"loc":{"start":{"line":25,"column":23},"end":{"line":25,"column":44}}},"4":{"name":"bindToFunction","line":37,"loc":{"start":{"line":37,"column":2},"end":{"line":37,"column":54}}},"5":{"name":"unbindFromStrings","line":43,"loc":{"start":{"line":43,"column":2},"end":{"line":43,"column":58}}},"6":{"name":"(anonymous_6)","line":46,"loc":{"start":{"line":46,"column":23},"end":{"line":46,"column":44}}},"7":{"name":"unbindToFunction","line":53,"loc":{"start":{"line":53,"column":2},"end":{"line":53,"column":56}}},"8":{"name":"iterateEvents","line":59,"loc":{"start":{"line":59,"column":2},"end":{"line":59,"column":84}}},"9":{"name":"(anonymous_9)","line":68,"loc":{"start":{"line":68,"column":21},"end":{"line":68,"column":43}}},"10":{"name":"(anonymous_10)","line":82,"loc":{"start":{"line":82,"column":32},"end":{"line":82,"column":66}}},"11":{"name":"(anonymous_11)","line":86,"loc":{"start":{"line":86,"column":34},"end":{"line":86,"column":68}}}},"statementMap":{"1":{"start":{"line":17,"column":0},"end":{"line":90,"column":15}},"2":{"start":{"line":22,"column":2},"end":{"line":34,"column":3}},"3":{"start":{"line":23,"column":4},"end":{"line":23,"column":43}},"4":{"start":{"line":25,"column":4},"end":{"line":33,"column":7}},"5":{"start":{"line":27,"column":6},"end":{"line":27,"column":38}},"6":{"start":{"line":28,"column":6},"end":{"line":30,"column":7}},"7":{"start":{"line":29,"column":8},"end":{"line":29,"column":104}},"8":{"start":{"line":32,"column":6},"end":{"line":32,"column":51}},"9":{"start":{"line":37,"column":2},"end":{"line":39,"column":3}},"10":{"start":{"line":38,"column":6},"end":{"line":38,"column":51}},"11":{"start":{"line":43,"column":2},"end":{"line":50,"column":3}},"12":{"start":{"line":44,"column":4},"end":{"line":44,"column":43}},"13":{"start":{"line":46,"column":4},"end":{"line":49,"column":7}},"14":{"start":{"line":47,"column":6},"end":{"line":47,"column":38}},"15":{"start":{"line":48,"column":6},"end":{"line":48,"column":56}},"16":{"start":{"line":53,"column":2},"end":{"line":55,"column":3}},"17":{"start":{"line":54,"column":6},"end":{"line":54,"column":56}},"18":{"start":{"line":59,"column":2},"end":{"line":79,"column":3}},"19":{"start":{"line":60,"column":4},"end":{"line":60,"column":41}},"20":{"start":{"line":60,"column":32},"end":{"line":60,"column":39}},"21":{"start":{"line":63,"column":4},"end":{"line":65,"column":5}},"22":{"start":{"line":64,"column":6},"end":{"line":64,"column":39}},"23":{"start":{"line":68,"column":4},"end":{"line":78,"column":7}},"24":{"start":{"line":72,"column":6},"end":{"line":76,"column":7}},"25":{"start":{"line":73,"column":8},"end":{"line":73,"column":55}},"26":{"start":{"line":75,"column":8},"end":{"line":75,"column":53}},"27":{"start":{"line":82,"column":2},"end":{"line":84,"column":4}},"28":{"start":{"line":83,"column":4},"end":{"line":83,"column":77}},"29":{"start":{"line":86,"column":2},"end":{"line":88,"column":4}},"30":{"start":{"line":87,"column":4},"end":{"line":87,"column":81}}},"branchMap":{"1":{"line":28,"type":"if","locations":[{"start":{"line":28,"column":6},"end":{"line":28,"column":6}},{"start":{"line":28,"column":6},"end":{"line":28,"column":6}}]},"2":{"line":60,"type":"if","locations":[{"start":{"line":60,"column":4},"end":{"line":60,"column":4}},{"start":{"line":60,"column":4},"end":{"line":60,"column":4}}]},"3":{"line":60,"type":"binary-expr","locations":[{"start":{"line":60,"column":8},"end":{"line":60,"column":15}},{"start":{"line":60,"column":19},"end":{"line":60,"column":28}}]},"4":{"line":63,"type":"if","locations":[{"start":{"line":63,"column":4},"end":{"line":63,"column":4}},{"start":{"line":63,"column":4},"end":{"line":63,"column":4}}]},"5":{"line":72,"type":"if","locations":[{"start":{"line":72,"column":6},"end":{"line":72,"column":6}},{"start":{"line":72,"column":6},"end":{"line":72,"column":6}}]}}},"./src/marionette.controller.js":{"path":"./src/marionette.controller.js","s":{"1":1,"2":184,"3":184,"4":184,"5":7,"6":1,"7":1,"8":12,"9":12,"10":12},"b":{"1":[184,179],"2":[7,177]},"f":{"1":184,"2":12},"fnMap":{"1":{"name":"(anonymous_1)","line":7,"loc":{"start":{"line":7,"column":24},"end":{"line":7,"column":41}}},"2":{"name":"(anonymous_2)","line":23,"loc":{"start":{"line":23,"column":9},"end":{"line":23,"column":19}}}},"statementMap":{"1":{"start":{"line":7,"column":0},"end":{"line":14,"column":2}},"2":{"start":{"line":8,"column":2},"end":{"line":8,"column":48}},"3":{"start":{"line":9,"column":2},"end":{"line":9,"column":31}},"4":{"start":{"line":11,"column":2},"end":{"line":13,"column":3}},"5":{"start":{"line":12,"column":4},"end":{"line":12,"column":34}},"6":{"start":{"line":16,"column":0},"end":{"line":16,"column":49}},"7":{"start":{"line":22,"column":0},"end":{"line":28,"column":3}},"8":{"start":{"line":24,"column":4},"end":{"line":24,"column":25}},"9":{"start":{"line":25,"column":4},"end":{"line":25,"column":32}},"10":{"start":{"line":26,"column":4},"end":{"line":26,"column":18}}},"branchMap":{"1":{"line":9,"type":"binary-expr","locations":[{"start":{"line":9,"column":17},"end":{"line":9,"column":24}},{"start":{"line":9,"column":28},"end":{"line":9,"column":30}}]},"2":{"line":11,"type":"if","locations":[{"start":{"line":11,"column":2},"end":{"line":11,"column":2}},{"start":{"line":11,"column":2},"end":{"line":11,"column":2}}]}}},"./src/marionette.domRefresh.js":{"path":"./src/marionette.domRefresh.js","s":{"1":1,"2":1,"3":41,"4":41,"5":1,"6":419,"7":419,"8":1,"9":460,"10":16,"11":16,"12":1,"13":33,"14":1,"15":569,"16":41,"17":569,"18":419},"b":{"1":[16,444],"2":[460,47,33],"3":[16,0]},"f":{"1":1,"2":41,"3":419,"4":460,"5":33,"6":569,"7":41,"8":419},"fnMap":{"1":{"name":"(anonymous_1)","line":8,"loc":{"start":{"line":8,"column":32},"end":{"line":8,"column":57}}},"2":{"name":"handleShow","line":11,"loc":{"start":{"line":11,"column":2},"end":{"line":11,"column":27}}},"3":{"name":"handleRender","line":17,"loc":{"start":{"line":17,"column":2},"end":{"line":17,"column":29}}},"4":{"name":"triggerDOMRefresh","line":23,"loc":{"start":{"line":23,"column":2},"end":{"line":23,"column":34}}},"5":{"name":"isInDOM","line":31,"loc":{"start":{"line":31,"column":2},"end":{"line":31,"column":25}}},"6":{"name":"(anonymous_6)","line":36,"loc":{"start":{"line":36,"column":9},"end":{"line":36,"column":23}}},"7":{"name":"(anonymous_7)","line":37,"loc":{"start":{"line":37,"column":32},"end":{"line":37,"column":42}}},"8":{"name":"(anonymous_8)","line":41,"loc":{"start":{"line":41,"column":34},"end":{"line":41,"column":44}}}},"statementMap":{"1":{"start":{"line":8,"column":0},"end":{"line":45,"column":29}},"2":{"start":{"line":11,"column":2},"end":{"line":14,"column":3}},"3":{"start":{"line":12,"column":4},"end":{"line":12,"column":25}},"4":{"start":{"line":13,"column":4},"end":{"line":13,"column":28}},"5":{"start":{"line":17,"column":2},"end":{"line":20,"column":3}},"6":{"start":{"line":18,"column":4},"end":{"line":18,"column":28}},"7":{"start":{"line":19,"column":4},"end":{"line":19,"column":28}},"8":{"start":{"line":23,"column":2},"end":{"line":29,"column":3}},"9":{"start":{"line":24,"column":4},"end":{"line":28,"column":5}},"10":{"start":{"line":25,"column":6},"end":{"line":27,"column":7}},"11":{"start":{"line":26,"column":8},"end":{"line":26,"column":42}},"12":{"start":{"line":31,"column":2},"end":{"line":33,"column":3}},"13":{"start":{"line":32,"column":4},"end":{"line":32,"column":45}},"14":{"start":{"line":36,"column":2},"end":{"line":44,"column":4}},"15":{"start":{"line":37,"column":4},"end":{"line":39,"column":7}},"16":{"start":{"line":38,"column":6},"end":{"line":38,"column":23}},"17":{"start":{"line":41,"column":4},"end":{"line":43,"column":7}},"18":{"start":{"line":42,"column":6},"end":{"line":42,"column":25}}},"branchMap":{"1":{"line":24,"type":"if","locations":[{"start":{"line":24,"column":4},"end":{"line":24,"column":4}},{"start":{"line":24,"column":4},"end":{"line":24,"column":4}}]},"2":{"line":24,"type":"binary-expr","locations":[{"start":{"line":24,"column":8},"end":{"line":24,"column":21}},{"start":{"line":24,"column":25},"end":{"line":24,"column":41}},{"start":{"line":24,"column":45},"end":{"line":24,"column":58}}]},"3":{"line":25,"type":"if","locations":[{"start":{"line":25,"column":6},"end":{"line":25,"column":6}},{"start":{"line":25,"column":6},"end":{"line":25,"column":6}}]}}},"./src/marionette.view.js":{"path":"./src/marionette.view.js","s":{"1":1,"2":570,"3":570,"4":570,"5":570,"6":570,"7":569,"8":569,"9":182,"10":182,"11":182,"12":182,"13":3,"14":182,"15":591,"16":557,"17":34,"18":43,"19":43,"20":2,"21":2,"22":34,"23":572,"24":551,"25":21,"26":21,"27":21,"28":30,"29":30,"30":30,"31":24,"32":24,"33":24,"34":24,"35":24,"36":24,"37":22,"38":24,"39":22,"40":24,"41":24,"42":21,"43":572,"44":572,"45":571,"46":572,"47":572,"48":0,"49":572,"50":572,"51":572,"52":572,"53":576,"54":576,"55":576,"56":576,"57":132,"58":5,"59":127,"60":127,"61":3,"62":124,"63":124,"64":124,"65":124,"66":180,"67":162,"68":18,"69":15,"70":18,"71":18,"72":18,"73":40,"74":40,"75":124,"76":122,"77":2,"78":2,"79":2,"80":2},"b":{"1":[1,569],"2":[182,0],"3":[3,179],"4":[557,34],"5":[2,41],"6":[551,21],"7":[4,26],"8":[24,0],"9":[4,20],"10":[4,20],"11":[22,2],"12":[24,22],"13":[22,2],"14":[24,22],"15":[572,572],"16":[0,572],"17":[5,127],"18":[3,124],"19":[162,18],"20":[15,3],"21":[122,2],"22":[124,3]},"f":{"1":570,"2":182,"3":182,"4":591,"5":43,"6":572,"7":30,"8":24,"9":572,"10":572,"11":576,"12":32,"13":132,"14":180,"15":40,"16":124,"17":2},"fnMap":{"1":{"name":"(anonymous_1)","line":7,"loc":{"start":{"line":7,"column":15},"end":{"line":7,"column":32}}},"2":{"name":"(anonymous_2)","line":34,"loc":{"start":{"line":34,"column":15},"end":{"line":34,"column":25}}},"3":{"name":"(anonymous_3)","line":43,"loc":{"start":{"line":43,"column":24},"end":{"line":43,"column":40}}},"4":{"name":"(anonymous_4)","line":55,"loc":{"start":{"line":55,"column":19},"end":{"line":55,"column":34}}},"5":{"name":"(anonymous_5)","line":60,"loc":{"start":{"line":60,"column":25},"end":{"line":60,"column":37}}},"6":{"name":"(anonymous_6)","line":73,"loc":{"start":{"line":73,"column":21},"end":{"line":73,"column":31}}},"7":{"name":"(anonymous_7)","line":83,"loc":{"start":{"line":83,"column":21},"end":{"line":83,"column":41}}},"8":{"name":"(anonymous_8)","line":89,"loc":{"start":{"line":89,"column":27},"end":{"line":89,"column":38}}},"9":{"name":"(anonymous_9)","line":121,"loc":{"start":{"line":121,"column":18},"end":{"line":121,"column":34}}},"10":{"name":"(anonymous_10)","line":128,"loc":{"start":{"line":128,"column":22},"end":{"line":128,"column":38}}},"11":{"name":"(anonymous_11)","line":141,"loc":{"start":{"line":141,"column":20},"end":{"line":141,"column":30}}},"12":{"name":"(anonymous_12)","line":150,"loc":{"start":{"line":150,"column":16},"end":{"line":150,"column":26}}},"13":{"name":"(anonymous_13)","line":156,"loc":{"start":{"line":156,"column":9},"end":{"line":156,"column":19}}},"14":{"name":"(anonymous_14)","line":181,"loc":{"start":{"line":181,"column":18},"end":{"line":181,"column":28}}},"15":{"name":"(anonymous_15)","line":197,"loc":{"start":{"line":197,"column":29},"end":{"line":197,"column":43}}},"16":{"name":"(anonymous_16)","line":204,"loc":{"start":{"line":204,"column":20},"end":{"line":204,"column":30}}},"17":{"name":"(anonymous_17)","line":208,"loc":{"start":{"line":208,"column":20},"end":{"line":208,"column":39}}}},"statementMap":{"1":{"start":{"line":5,"column":0},"end":{"line":216,"column":3}},"2":{"start":{"line":8,"column":4},"end":{"line":8,"column":30}},"3":{"start":{"line":10,"column":4},"end":{"line":10,"column":54}},"4":{"start":{"line":16,"column":4},"end":{"line":16,"column":113}},"5":{"start":{"line":19,"column":4},"end":{"line":19,"column":65}},"6":{"start":{"line":20,"column":4},"end":{"line":20,"column":58}},"7":{"start":{"line":22,"column":4},"end":{"line":22,"column":39}},"8":{"start":{"line":23,"column":4},"end":{"line":23,"column":57}},"9":{"start":{"line":35,"column":4},"end":{"line":35,"column":50}},"10":{"start":{"line":44,"column":4},"end":{"line":44,"column":26}},"11":{"start":{"line":45,"column":4},"end":{"line":45,"column":72}},"12":{"start":{"line":46,"column":4},"end":{"line":48,"column":5}},"13":{"start":{"line":47,"column":6},"end":{"line":47,"column":51}},"14":{"start":{"line":49,"column":4},"end":{"line":49,"column":45}},"15":{"start":{"line":56,"column":4},"end":{"line":58,"column":5}},"16":{"start":{"line":57,"column":6},"end":{"line":57,"column":13}},"17":{"start":{"line":60,"column":4},"end":{"line":66,"column":13}},"18":{"start":{"line":61,"column":6},"end":{"line":61,"column":34}},"19":{"start":{"line":62,"column":6},"end":{"line":65,"column":7}},"20":{"start":{"line":63,"column":8},"end":{"line":63,"column":51}},"21":{"start":{"line":64,"column":8},"end":{"line":64,"column":23}},"22":{"start":{"line":68,"column":4},"end":{"line":68,"column":16}},"23":{"start":{"line":74,"column":4},"end":{"line":74,"column":35}},"24":{"start":{"line":74,"column":26},"end":{"line":74,"column":33}},"25":{"start":{"line":76,"column":4},"end":{"line":76,"column":27}},"26":{"start":{"line":79,"column":4},"end":{"line":79,"column":68}},"27":{"start":{"line":83,"column":4},"end":{"line":114,"column":13}},"28":{"start":{"line":85,"column":6},"end":{"line":85,"column":41}},"29":{"start":{"line":86,"column":6},"end":{"line":86,"column":55}},"30":{"start":{"line":89,"column":6},"end":{"line":112,"column":8}},"31":{"start":{"line":92,"column":8},"end":{"line":101,"column":9}},"32":{"start":{"line":93,"column":10},"end":{"line":93,"column":41}},"33":{"start":{"line":94,"column":10},"end":{"line":94,"column":39}},"34":{"start":{"line":96,"column":10},"end":{"line":96,"column":74}},"35":{"start":{"line":97,"column":10},"end":{"line":97,"column":69}},"36":{"start":{"line":99,"column":10},"end":{"line":99,"column":61}},"37":{"start":{"line":99,"column":42},"end":{"line":99,"column":59}},"38":{"start":{"line":100,"column":10},"end":{"line":100,"column":52}},"39":{"start":{"line":100,"column":36},"end":{"line":100,"column":50}},"40":{"start":{"line":104,"column":8},"end":{"line":108,"column":10}},"41":{"start":{"line":111,"column":8},"end":{"line":111,"column":44}},"42":{"start":{"line":116,"column":4},"end":{"line":116,"column":25}},"43":{"start":{"line":122,"column":4},"end":{"line":122,"column":36}},"44":{"start":{"line":123,"column":4},"end":{"line":123,"column":93}},"45":{"start":{"line":124,"column":4},"end":{"line":124,"column":103}},"46":{"start":{"line":129,"column":4},"end":{"line":129,"column":35}},"47":{"start":{"line":130,"column":4},"end":{"line":130,"column":60}},"48":{"start":{"line":130,"column":31},"end":{"line":130,"column":58}},"49":{"start":{"line":132,"column":4},"end":{"line":132,"column":28}},"50":{"start":{"line":133,"column":4},"end":{"line":133,"column":44}},"51":{"start":{"line":134,"column":4},"end":{"line":134,"column":47}},"52":{"start":{"line":136,"column":4},"end":{"line":136,"column":70}},"53":{"start":{"line":142,"column":4},"end":{"line":142,"column":53}},"54":{"start":{"line":143,"column":4},"end":{"line":143,"column":63}},"55":{"start":{"line":145,"column":4},"end":{"line":145,"column":95}},"56":{"start":{"line":146,"column":4},"end":{"line":146,"column":105}},"57":{"start":{"line":157,"column":4},"end":{"line":157,"column":34}},"58":{"start":{"line":157,"column":25},"end":{"line":157,"column":32}},"59":{"start":{"line":161,"column":4},"end":{"line":161,"column":57}},"60":{"start":{"line":162,"column":4},"end":{"line":164,"column":5}},"61":{"start":{"line":163,"column":6},"end":{"line":163,"column":13}},"62":{"start":{"line":169,"column":4},"end":{"line":169,"column":25}},"63":{"start":{"line":170,"column":4},"end":{"line":170,"column":32}},"64":{"start":{"line":173,"column":4},"end":{"line":173,"column":28}},"65":{"start":{"line":176,"column":4},"end":{"line":176,"column":18}},"66":{"start":{"line":182,"column":4},"end":{"line":182,"column":29}},"67":{"start":{"line":182,"column":20},"end":{"line":182,"column":27}},"68":{"start":{"line":186,"column":4},"end":{"line":188,"column":5}},"69":{"start":{"line":187,"column":6},"end":{"line":187,"column":33}},"70":{"start":{"line":191,"column":4},"end":{"line":191,"column":49}},"71":{"start":{"line":194,"column":4},"end":{"line":194,"column":17}},"72":{"start":{"line":197,"column":4},"end":{"line":200,"column":13}},"73":{"start":{"line":198,"column":6},"end":{"line":198,"column":35}},"74":{"start":{"line":199,"column":6},"end":{"line":199,"column":38}},"75":{"start":{"line":205,"column":4},"end":{"line":205,"column":49}},"76":{"start":{"line":205,"column":40},"end":{"line":205,"column":47}},"77":{"start":{"line":208,"column":4},"end":{"line":210,"column":13}},"78":{"start":{"line":209,"column":6},"end":{"line":209,"column":27}},"79":{"start":{"line":213,"column":4},"end":{"line":213,"column":31}},"80":{"start":{"line":214,"column":4},"end":{"line":214,"column":28}}},"branchMap":{"1":{"line":16,"type":"cond-expr","locations":[{"start":{"line":16,"column":83},"end":{"line":16,"column":101}},{"start":{"line":16,"column":104},"end":{"line":16,"column":111}}]},"2":{"line":44,"type":"binary-expr","locations":[{"start":{"line":44,"column":13},"end":{"line":44,"column":19}},{"start":{"line":44,"column":23},"end":{"line":44,"column":25}}]},"3":{"line":46,"type":"if","locations":[{"start":{"line":46,"column":4},"end":{"line":46,"column":4}},{"start":{"line":46,"column":4},"end":{"line":46,"column":4}}]},"4":{"line":56,"type":"if","locations":[{"start":{"line":56,"column":4},"end":{"line":56,"column":4}},{"start":{"line":56,"column":4},"end":{"line":56,"column":4}}]},"5":{"line":62,"type":"if","locations":[{"start":{"line":62,"column":6},"end":{"line":62,"column":6}},{"start":{"line":62,"column":6},"end":{"line":62,"column":6}}]},"6":{"line":74,"type":"if","locations":[{"start":{"line":74,"column":4},"end":{"line":74,"column":4}},{"start":{"line":74,"column":4},"end":{"line":74,"column":4}}]},"7":{"line":86,"type":"cond-expr","locations":[{"start":{"line":86,"column":35},"end":{"line":86,"column":46}},{"start":{"line":86,"column":49},"end":{"line":86,"column":54}}]},"8":{"line":92,"type":"if","locations":[{"start":{"line":92,"column":8},"end":{"line":92,"column":8}},{"start":{"line":92,"column":8},"end":{"line":92,"column":8}}]},"9":{"line":96,"type":"cond-expr","locations":[{"start":{"line":96,"column":43},"end":{"line":96,"column":63}},{"start":{"line":96,"column":66},"end":{"line":96,"column":73}}]},"10":{"line":97,"type":"cond-expr","locations":[{"start":{"line":97,"column":40},"end":{"line":97,"column":61}},{"start":{"line":97,"column":64},"end":{"line":97,"column":68}}]},"11":{"line":99,"type":"if","locations":[{"start":{"line":99,"column":10},"end":{"line":99,"column":10}},{"start":{"line":99,"column":10},"end":{"line":99,"column":10}}]},"12":{"line":99,"type":"binary-expr","locations":[{"start":{"line":99,"column":14},"end":{"line":99,"column":27}},{"start":{"line":99,"column":31},"end":{"line":99,"column":38}}]},"13":{"line":100,"type":"if","locations":[{"start":{"line":100,"column":10},"end":{"line":100,"column":10}},{"start":{"line":100,"column":10},"end":{"line":100,"column":10}}]},"14":{"line":100,"type":"binary-expr","locations":[{"start":{"line":100,"column":14},"end":{"line":100,"column":24}},{"start":{"line":100,"column":28},"end":{"line":100,"column":32}}]},"15":{"line":129,"type":"binary-expr","locations":[{"start":{"line":129,"column":13},"end":{"line":129,"column":19}},{"start":{"line":129,"column":23},"end":{"line":129,"column":34}}]},"16":{"line":130,"type":"if","locations":[{"start":{"line":130,"column":4},"end":{"line":130,"column":4}},{"start":{"line":130,"column":4},"end":{"line":130,"column":4}}]},"17":{"line":157,"type":"if","locations":[{"start":{"line":157,"column":4},"end":{"line":157,"column":4}},{"start":{"line":157,"column":4},"end":{"line":157,"column":4}}]},"18":{"line":162,"type":"if","locations":[{"start":{"line":162,"column":4},"end":{"line":162,"column":4}},{"start":{"line":162,"column":4},"end":{"line":162,"column":4}}]},"19":{"line":182,"type":"if","locations":[{"start":{"line":182,"column":4},"end":{"line":182,"column":4}},{"start":{"line":182,"column":4},"end":{"line":182,"column":4}}]},"20":{"line":186,"type":"if","locations":[{"start":{"line":186,"column":4},"end":{"line":186,"column":4}},{"start":{"line":186,"column":4},"end":{"line":186,"column":4}}]},"21":{"line":205,"type":"if","locations":[{"start":{"line":205,"column":4},"end":{"line":205,"column":4}},{"start":{"line":205,"column":4},"end":{"line":205,"column":4}}]},"22":{"line":205,"type":"binary-expr","locations":[{"start":{"line":205,"column":8},"end":{"line":205,"column":16}},{"start":{"line":205,"column":20},"end":{"line":205,"column":37}}]}}},"./src/marionette.itemview.js":{"path":"./src/marionette.itemview.js","s":{"1":1,"2":362,"3":126,"4":126,"5":79,"6":47,"7":2,"8":126,"9":126,"10":126,"11":126,"12":126,"13":126,"14":126,"15":126,"16":125,"17":125,"18":125,"19":125,"20":125,"21":93,"22":2,"23":91,"24":91,"25":91},"b":{"1":[79,47],"2":[2,45],"3":[2,91]},"f":{"1":362,"2":126,"3":126,"4":93},"fnMap":{"1":{"name":"(anonymous_1)","line":11,"loc":{"start":{"line":11,"column":15},"end":{"line":11,"column":25}}},"2":{"name":"(anonymous_2)","line":21,"loc":{"start":{"line":21,"column":17},"end":{"line":21,"column":27}}},"3":{"name":"(anonymous_3)","line":39,"loc":{"start":{"line":39,"column":10},"end":{"line":39,"column":20}}},"4":{"name":"(anonymous_4)","line":62,"loc":{"start":{"line":62,"column":9},"end":{"line":62,"column":19}}}},"statementMap":{"1":{"start":{"line":7,"column":0},"end":{"line":71,"column":3}},"2":{"start":{"line":12,"column":4},"end":{"line":12,"column":72}},"3":{"start":{"line":22,"column":4},"end":{"line":22,"column":18}},"4":{"start":{"line":24,"column":4},"end":{"line":29,"column":5}},"5":{"start":{"line":25,"column":6},"end":{"line":25,"column":33}},"6":{"start":{"line":27,"column":9},"end":{"line":29,"column":5}},"7":{"start":{"line":28,"column":6},"end":{"line":28,"column":49}},"8":{"start":{"line":31,"column":4},"end":{"line":31,"column":16}},"9":{"start":{"line":40,"column":4},"end":{"line":40,"column":26}},"10":{"start":{"line":42,"column":4},"end":{"line":42,"column":46}},"11":{"start":{"line":43,"column":4},"end":{"line":43,"column":51}},"12":{"start":{"line":45,"column":4},"end":{"line":45,"column":36}},"13":{"start":{"line":46,"column":4},"end":{"line":46,"column":43}},"14":{"start":{"line":48,"column":4},"end":{"line":48,"column":38}},"15":{"start":{"line":49,"column":4},"end":{"line":49,"column":58}},"16":{"start":{"line":51,"column":4},"end":{"line":51,"column":24}},"17":{"start":{"line":52,"column":4},"end":{"line":52,"column":26}},"18":{"start":{"line":54,"column":4},"end":{"line":54,"column":39}},"19":{"start":{"line":55,"column":4},"end":{"line":55,"column":46}},"20":{"start":{"line":57,"column":4},"end":{"line":57,"column":16}},"21":{"start":{"line":63,"column":4},"end":{"line":63,"column":33}},"22":{"start":{"line":63,"column":24},"end":{"line":63,"column":31}},"23":{"start":{"line":65,"column":4},"end":{"line":65,"column":44}},"24":{"start":{"line":67,"column":4},"end":{"line":67,"column":66}},"25":{"start":{"line":69,"column":4},"end":{"line":69,"column":38}}},"branchMap":{"1":{"line":24,"type":"if","locations":[{"start":{"line":24,"column":4},"end":{"line":24,"column":4}},{"start":{"line":24,"column":4},"end":{"line":24,"column":4}}]},"2":{"line":27,"type":"if","locations":[{"start":{"line":27,"column":9},"end":{"line":27,"column":9}},{"start":{"line":27,"column":9},"end":{"line":27,"column":9}}]},"3":{"line":63,"type":"if","locations":[{"start":{"line":63,"column":4},"end":{"line":63,"column":4}},{"start":{"line":63,"column":4},"end":{"line":63,"column":4}}]}}},"./src/marionette.collectionview.js":{"path":"./src/marionette.collectionview.js","s":{"1":1,"2":166,"3":166,"4":166,"5":166,"6":518,"7":518,"8":177,"9":177,"10":176,"11":176,"12":175,"13":175,"14":175,"15":2,"16":2,"17":2,"18":107,"19":98,"20":98,"21":98,"22":18,"23":18,"24":18,"25":18,"26":9,"27":9,"28":174,"29":174,"30":171,"31":171,"32":118,"33":118,"34":118,"35":117,"36":117,"37":177,"38":177,"39":177,"40":177,"41":132,"42":45,"43":176,"44":132,"45":132,"46":205,"47":204,"48":106,"49":106,"50":25,"51":25,"52":25,"53":195,"54":10,"55":10,"56":104,"57":154,"58":154,"59":1,"60":153,"61":250,"62":250,"63":4,"64":250,"65":250,"66":250,"67":250,"68":250,"69":250,"70":4,"71":250,"72":250,"73":250,"74":250,"75":371,"76":371,"77":371,"78":371,"79":371,"80":371,"81":2,"82":371,"83":371,"84":1,"85":370,"86":250,"87":250,"88":250,"89":250,"90":9,"91":9,"92":9,"93":69,"94":68,"95":68,"96":67,"97":1,"98":1,"99":68,"100":69,"101":390,"102":217,"103":61,"104":117,"105":176,"106":151,"107":151,"108":25,"109":166,"110":24,"111":4,"112":20,"113":20,"114":20,"115":20,"116":208,"117":60,"118":208},"b":{"1":[2,173],"2":[98,9],"3":[132,45],"4":[25,81],"5":[106,47],"6":[10,185],"7":[1,153],"8":[4,246],"9":[4,246],"10":[250,6],"11":[2,369],"12":[371,2],"13":[1,370],"14":[68,1],"15":[67,1],"16":[1,0],"17":[390,360],"18":[61,156],"19":[151,25],"20":[4,20]},"f":{"1":166,"2":518,"3":177,"4":176,"5":175,"6":2,"7":107,"8":18,"9":9,"10":9,"11":174,"12":171,"13":118,"14":177,"15":132,"16":205,"17":106,"18":195,"19":104,"20":154,"21":250,"22":250,"23":371,"24":371,"25":250,"26":250,"27":9,"28":69,"29":390,"30":217,"31":117,"32":176,"33":166,"34":24,"35":208,"36":60},"fnMap":{"1":{"name":"(anonymous_1)","line":12,"loc":{"start":{"line":12,"column":15},"end":{"line":12,"column":32}}},"2":{"name":"(anonymous_2)","line":24,"loc":{"start":{"line":24,"column":20},"end":{"line":24,"column":31}}},"3":{"name":"(anonymous_3)","line":29,"loc":{"start":{"line":29,"column":18},"end":{"line":29,"column":29}}},"4":{"name":"(anonymous_4)","line":34,"loc":{"start":{"line":34,"column":16},"end":{"line":34,"column":27}}},"5":{"name":"(anonymous_5)","line":41,"loc":{"start":{"line":41,"column":32},"end":{"line":41,"column":44}}},"6":{"name":"(anonymous_6)","line":43,"loc":{"start":{"line":43,"column":37},"end":{"line":43,"column":54}}},"7":{"name":"(anonymous_7)","line":53,"loc":{"start":{"line":53,"column":18},"end":{"line":53,"column":28}}},"8":{"name":"(anonymous_8)","line":62,"loc":{"start":{"line":62,"column":16},"end":{"line":62,"column":51}}},"9":{"name":"(anonymous_9)","line":71,"loc":{"start":{"line":71,"column":16},"end":{"line":71,"column":26}}},"10":{"name":"(anonymous_10)","line":72,"loc":{"start":{"line":72,"column":23},"end":{"line":72,"column":38}}},"11":{"name":"(anonymous_11)","line":79,"loc":{"start":{"line":79,"column":23},"end":{"line":79,"column":33}}},"12":{"name":"(anonymous_12)","line":86,"loc":{"start":{"line":86,"column":19},"end":{"line":86,"column":29}}},"13":{"name":"(anonymous_13)","line":94,"loc":{"start":{"line":94,"column":10},"end":{"line":94,"column":20}}},"14":{"name":"(anonymous_14)","line":105,"loc":{"start":{"line":105,"column":19},"end":{"line":105,"column":29}}},"15":{"name":"(anonymous_15)","line":122,"loc":{"start":{"line":122,"column":18},"end":{"line":122,"column":28}}},"16":{"name":"(anonymous_16)","line":124,"loc":{"start":{"line":124,"column":25},"end":{"line":124,"column":46}}},"17":{"name":"(anonymous_17)","line":133,"loc":{"start":{"line":133,"column":17},"end":{"line":133,"column":27}}},"18":{"name":"(anonymous_18)","line":146,"loc":{"start":{"line":146,"column":18},"end":{"line":146,"column":28}}},"19":{"name":"(anonymous_19)","line":154,"loc":{"start":{"line":154,"column":16},"end":{"line":154,"column":26}}},"20":{"name":"(anonymous_20)","line":161,"loc":{"start":{"line":161,"column":15},"end":{"line":161,"column":29}}},"21":{"name":"(anonymous_21)","line":173,"loc":{"start":{"line":173,"column":15},"end":{"line":173,"column":46}}},"22":{"name":"(anonymous_22)","line":210,"loc":{"start":{"line":210,"column":31},"end":{"line":210,"column":45}}},"23":{"name":"(anonymous_23)","line":215,"loc":{"start":{"line":215,"column":31},"end":{"line":215,"column":41}}},"24":{"name":"(anonymous_24)","line":233,"loc":{"start":{"line":233,"column":17},"end":{"line":233,"column":28}}},"25":{"name":"(anonymous_25)","line":242,"loc":{"start":{"line":242,"column":18},"end":{"line":242,"column":40}}},"26":{"name":"(anonymous_26)","line":248,"loc":{"start":{"line":248,"column":17},"end":{"line":248,"column":62}}},"27":{"name":"(anonymous_27)","line":254,"loc":{"start":{"line":254,"column":18},"end":{"line":254,"column":32}}},"28":{"name":"(anonymous_28)","line":261,"loc":{"start":{"line":261,"column":19},"end":{"line":261,"column":33}}},"29":{"name":"(anonymous_29)","line":279,"loc":{"start":{"line":279,"column":11},"end":{"line":279,"column":31}}},"30":{"name":"(anonymous_30)","line":285,"loc":{"start":{"line":285,"column":14},"end":{"line":285,"column":25}}},"31":{"name":"(anonymous_31)","line":292,"loc":{"start":{"line":292,"column":16},"end":{"line":292,"column":49}}},"32":{"name":"(anonymous_32)","line":299,"loc":{"start":{"line":299,"column":14},"end":{"line":299,"column":55}}},"33":{"name":"(anonymous_33)","line":316,"loc":{"start":{"line":316,"column":25},"end":{"line":316,"column":35}}},"34":{"name":"(anonymous_34)","line":322,"loc":{"start":{"line":322,"column":9},"end":{"line":322,"column":19}}},"35":{"name":"(anonymous_35)","line":334,"loc":{"start":{"line":334,"column":17},"end":{"line":334,"column":27}}},"36":{"name":"(anonymous_36)","line":335,"loc":{"start":{"line":335,"column":23},"end":{"line":335,"column":38}}}},"statementMap":{"1":{"start":{"line":6,"column":0},"end":{"line":340,"column":3}},"2":{"start":{"line":13,"column":4},"end":{"line":13,"column":33}},"3":{"start":{"line":15,"column":4},"end":{"line":15,"column":72}},"4":{"start":{"line":17,"column":4},"end":{"line":17,"column":26}},"5":{"start":{"line":18,"column":4},"end":{"line":18,"column":28}},"6":{"start":{"line":25,"column":4},"end":{"line":25,"column":54}},"7":{"start":{"line":26,"column":4},"end":{"line":26,"column":32}},"8":{"start":{"line":30,"column":4},"end":{"line":30,"column":28}},"9":{"start":{"line":31,"column":4},"end":{"line":31,"column":28}},"10":{"start":{"line":35,"column":4},"end":{"line":35,"column":29}},"11":{"start":{"line":36,"column":4},"end":{"line":36,"column":43}},"12":{"start":{"line":37,"column":4},"end":{"line":37,"column":40}},"13":{"start":{"line":38,"column":4},"end":{"line":38,"column":28}},"14":{"start":{"line":42,"column":4},"end":{"line":47,"column":5}},"15":{"start":{"line":43,"column":6},"end":{"line":45,"column":9}},"16":{"start":{"line":44,"column":8},"end":{"line":44,"column":53}},"17":{"start":{"line":46,"column":6},"end":{"line":46,"column":34}},"18":{"start":{"line":54,"column":4},"end":{"line":58,"column":5}},"19":{"start":{"line":55,"column":6},"end":{"line":55,"column":69}},"20":{"start":{"line":56,"column":6},"end":{"line":56,"column":74}},"21":{"start":{"line":57,"column":6},"end":{"line":57,"column":65}},"22":{"start":{"line":63,"column":4},"end":{"line":63,"column":26}},"23":{"start":{"line":64,"column":4},"end":{"line":64,"column":42}},"24":{"start":{"line":65,"column":4},"end":{"line":65,"column":46}},"25":{"start":{"line":66,"column":4},"end":{"line":66,"column":44}},"26":{"start":{"line":72,"column":4},"end":{"line":74,"column":7}},"27":{"start":{"line":73,"column":6},"end":{"line":73,"column":51}},"28":{"start":{"line":80,"column":4},"end":{"line":80,"column":46}},"29":{"start":{"line":81,"column":4},"end":{"line":81,"column":57}},"30":{"start":{"line":87,"column":4},"end":{"line":87,"column":39}},"31":{"start":{"line":88,"column":4},"end":{"line":88,"column":52}},"32":{"start":{"line":95,"column":4},"end":{"line":95,"column":26}},"33":{"start":{"line":96,"column":4},"end":{"line":96,"column":31}},"34":{"start":{"line":97,"column":4},"end":{"line":97,"column":27}},"35":{"start":{"line":98,"column":4},"end":{"line":98,"column":27}},"36":{"start":{"line":99,"column":4},"end":{"line":99,"column":16}},"37":{"start":{"line":106,"column":4},"end":{"line":106,"column":26}},"38":{"start":{"line":108,"column":4},"end":{"line":108,"column":26}},"39":{"start":{"line":109,"column":4},"end":{"line":109,"column":25}},"40":{"start":{"line":111,"column":4},"end":{"line":115,"column":5}},"41":{"start":{"line":112,"column":6},"end":{"line":112,"column":28}},"42":{"start":{"line":114,"column":6},"end":{"line":114,"column":27}},"43":{"start":{"line":117,"column":4},"end":{"line":117,"column":24}},"44":{"start":{"line":123,"column":4},"end":{"line":123,"column":17}},"45":{"start":{"line":124,"column":4},"end":{"line":127,"column":13}},"46":{"start":{"line":125,"column":6},"end":{"line":125,"column":40}},"47":{"start":{"line":126,"column":6},"end":{"line":126,"column":46}},"48":{"start":{"line":134,"column":4},"end":{"line":134,"column":40}},"49":{"start":{"line":136,"column":4},"end":{"line":140,"column":5}},"50":{"start":{"line":137,"column":6},"end":{"line":137,"column":36}},"51":{"start":{"line":138,"column":6},"end":{"line":138,"column":39}},"52":{"start":{"line":139,"column":6},"end":{"line":139,"column":44}},"53":{"start":{"line":147,"column":4},"end":{"line":150,"column":5}},"54":{"start":{"line":148,"column":6},"end":{"line":148,"column":27}},"55":{"start":{"line":149,"column":6},"end":{"line":149,"column":36}},"56":{"start":{"line":155,"column":4},"end":{"line":155,"column":51}},"57":{"start":{"line":162,"column":4},"end":{"line":162,"column":58}},"58":{"start":{"line":164,"column":4},"end":{"line":166,"column":5}},"59":{"start":{"line":165,"column":6},"end":{"line":165,"column":71}},"60":{"start":{"line":168,"column":4},"end":{"line":168,"column":20}},"61":{"start":{"line":175,"column":4},"end":{"line":175,"column":72}},"62":{"start":{"line":176,"column":4},"end":{"line":178,"column":5}},"63":{"start":{"line":177,"column":6},"end":{"line":177,"column":64}},"64":{"start":{"line":181,"column":4},"end":{"line":181,"column":67}},"65":{"start":{"line":184,"column":4},"end":{"line":184,"column":43}},"66":{"start":{"line":187,"column":4},"end":{"line":187,"column":50}},"67":{"start":{"line":191,"column":4},"end":{"line":191,"column":28}},"68":{"start":{"line":194,"column":4},"end":{"line":194,"column":37}},"69":{"start":{"line":198,"column":4},"end":{"line":200,"column":5}},"70":{"start":{"line":199,"column":6},"end":{"line":199,"column":50}},"71":{"start":{"line":203,"column":4},"end":{"line":203,"column":49}},"72":{"start":{"line":205,"column":4},"end":{"line":205,"column":16}},"73":{"start":{"line":211,"column":4},"end":{"line":211,"column":67}},"74":{"start":{"line":215,"column":4},"end":{"line":229,"column":13}},"75":{"start":{"line":216,"column":6},"end":{"line":216,"column":34}},"76":{"start":{"line":217,"column":6},"end":{"line":217,"column":30}},"77":{"start":{"line":218,"column":6},"end":{"line":218,"column":44}},"78":{"start":{"line":220,"column":6},"end":{"line":220,"column":41}},"79":{"start":{"line":221,"column":6},"end":{"line":221,"column":30}},"80":{"start":{"line":224,"column":6},"end":{"line":226,"column":7}},"81":{"start":{"line":225,"column":8},"end":{"line":225,"column":48}},"82":{"start":{"line":228,"column":6},"end":{"line":228,"column":49}},"83":{"start":{"line":234,"column":4},"end":{"line":236,"column":5}},"84":{"start":{"line":235,"column":6},"end":{"line":235,"column":40}},"85":{"start":{"line":238,"column":4},"end":{"line":238,"column":27}},"86":{"start":{"line":243,"column":4},"end":{"line":243,"column":18}},"87":{"start":{"line":244,"column":4},"end":{"line":244,"column":39}},"88":{"start":{"line":249,"column":4},"end":{"line":249,"column":59}},"89":{"start":{"line":250,"column":4},"end":{"line":250,"column":37}},"90":{"start":{"line":255,"column":4},"end":{"line":255,"column":47}},"91":{"start":{"line":256,"column":4},"end":{"line":256,"column":31}},"92":{"start":{"line":257,"column":4},"end":{"line":257,"column":22}},"93":{"start":{"line":265,"column":4},"end":{"line":273,"column":5}},"94":{"start":{"line":266,"column":6},"end":{"line":266,"column":31}},"95":{"start":{"line":269,"column":6},"end":{"line":270,"column":46}},"96":{"start":{"line":269,"column":24},"end":{"line":269,"column":37}},"97":{"start":{"line":270,"column":11},"end":{"line":270,"column":46}},"98":{"start":{"line":270,"column":30},"end":{"line":270,"column":44}},"99":{"start":{"line":272,"column":6},"end":{"line":272,"column":33}},"100":{"start":{"line":275,"column":4},"end":{"line":275,"column":45}},"101":{"start":{"line":281,"column":4},"end":{"line":281,"column":60}},"102":{"start":{"line":286,"column":4},"end":{"line":288,"column":5}},"103":{"start":{"line":287,"column":6},"end":{"line":287,"column":27}},"104":{"start":{"line":293,"column":4},"end":{"line":293,"column":38}},"105":{"start":{"line":300,"column":4},"end":{"line":311,"column":5}},"106":{"start":{"line":304,"column":6},"end":{"line":304,"column":55}},"107":{"start":{"line":305,"column":6},"end":{"line":305,"column":54}},"108":{"start":{"line":310,"column":6},"end":{"line":310,"column":45}},"109":{"start":{"line":317,"column":4},"end":{"line":317,"column":54}},"110":{"start":{"line":323,"column":4},"end":{"line":323,"column":33}},"111":{"start":{"line":323,"column":24},"end":{"line":323,"column":31}},"112":{"start":{"line":325,"column":4},"end":{"line":325,"column":50}},"113":{"start":{"line":326,"column":4},"end":{"line":326,"column":25}},"114":{"start":{"line":327,"column":4},"end":{"line":327,"column":44}},"115":{"start":{"line":329,"column":4},"end":{"line":329,"column":66}},"116":{"start":{"line":335,"column":4},"end":{"line":337,"column":13}},"117":{"start":{"line":336,"column":6},"end":{"line":336,"column":34}},"118":{"start":{"line":338,"column":4},"end":{"line":338,"column":22}}},"branchMap":{"1":{"line":42,"type":"if","locations":[{"start":{"line":42,"column":4},"end":{"line":42,"column":4}},{"start":{"line":42,"column":4},"end":{"line":42,"column":4}}]},"2":{"line":54,"type":"if","locations":[{"start":{"line":54,"column":4},"end":{"line":54,"column":4}},{"start":{"line":54,"column":4},"end":{"line":54,"column":4}}]},"3":{"line":111,"type":"if","locations":[{"start":{"line":111,"column":4},"end":{"line":111,"column":4}},{"start":{"line":111,"column":4},"end":{"line":111,"column":4}}]},"4":{"line":136,"type":"if","locations":[{"start":{"line":136,"column":4},"end":{"line":136,"column":4}},{"start":{"line":136,"column":4},"end":{"line":136,"column":4}}]},"5":{"line":136,"type":"binary-expr","locations":[{"start":{"line":136,"column":8},"end":{"line":136,"column":17}},{"start":{"line":136,"column":21},"end":{"line":136,"column":44}}]},"6":{"line":147,"type":"if","locations":[{"start":{"line":147,"column":4},"end":{"line":147,"column":4}},{"start":{"line":147,"column":4},"end":{"line":147,"column":4}}]},"7":{"line":164,"type":"if","locations":[{"start":{"line":164,"column":4},"end":{"line":164,"column":4}},{"start":{"line":164,"column":4},"end":{"line":164,"column":4}}]},"8":{"line":176,"type":"if","locations":[{"start":{"line":176,"column":4},"end":{"line":176,"column":4}},{"start":{"line":176,"column":4},"end":{"line":176,"column":4}}]},"9":{"line":198,"type":"if","locations":[{"start":{"line":198,"column":4},"end":{"line":198,"column":4}},{"start":{"line":198,"column":4},"end":{"line":198,"column":4}}]},"10":{"line":198,"type":"binary-expr","locations":[{"start":{"line":198,"column":8},"end":{"line":198,"column":21}},{"start":{"line":198,"column":25},"end":{"line":198,"column":42}}]},"11":{"line":224,"type":"if","locations":[{"start":{"line":224,"column":6},"end":{"line":224,"column":6}},{"start":{"line":224,"column":6},"end":{"line":224,"column":6}}]},"12":{"line":224,"type":"binary-expr","locations":[{"start":{"line":224,"column":10},"end":{"line":224,"column":43}},{"start":{"line":224,"column":47},"end":{"line":224,"column":82}}]},"13":{"line":234,"type":"if","locations":[{"start":{"line":234,"column":4},"end":{"line":234,"column":4}},{"start":{"line":234,"column":4},"end":{"line":234,"column":4}}]},"14":{"line":265,"type":"if","locations":[{"start":{"line":265,"column":4},"end":{"line":265,"column":4}},{"start":{"line":265,"column":4},"end":{"line":265,"column":4}}]},"15":{"line":269,"type":"if","locations":[{"start":{"line":269,"column":6},"end":{"line":269,"column":6}},{"start":{"line":269,"column":6},"end":{"line":269,"column":6}}]},"16":{"line":270,"type":"if","locations":[{"start":{"line":270,"column":11},"end":{"line":270,"column":11}},{"start":{"line":270,"column":11},"end":{"line":270,"column":11}}]},"17":{"line":281,"type":"binary-expr","locations":[{"start":{"line":281,"column":11},"end":{"line":281,"column":27}},{"start":{"line":281,"column":31},"end":{"line":281,"column":59}}]},"18":{"line":286,"type":"if","locations":[{"start":{"line":286,"column":4},"end":{"line":286,"column":4}},{"start":{"line":286,"column":4},"end":{"line":286,"column":4}}]},"19":{"line":300,"type":"if","locations":[{"start":{"line":300,"column":4},"end":{"line":300,"column":4}},{"start":{"line":300,"column":4},"end":{"line":300,"column":4}}]},"20":{"line":323,"type":"if","locations":[{"start":{"line":323,"column":4},"end":{"line":323,"column":4}},{"start":{"line":323,"column":4},"end":{"line":323,"column":4}}]}}},"./src/marionette.compositeview.js":{"path":"./src/marionette.compositeview.js","s":{"1":1,"2":60,"3":59,"4":49,"5":41,"6":41,"7":41,"8":71,"9":71,"10":0,"11":71,"12":56,"13":56,"14":42,"15":56,"16":56,"17":56,"18":56,"19":56,"20":56,"21":55,"22":55,"23":55,"24":55,"25":54,"26":54,"27":54,"28":59,"29":59,"30":59,"31":58,"32":56,"33":56,"34":56,"35":56,"36":56,"37":59,"38":58,"39":52,"40":52,"41":52,"42":0,"43":0,"44":59,"45":4,"46":55,"47":55,"48":55,"49":7,"50":7,"51":7,"52":1,"53":48,"54":54,"55":54,"56":56,"57":4},"b":{"1":[41,8],"2":[71,6],"3":[0,71],"4":[42,14],"5":[59,0],"6":[52,0],"7":[4,55],"8":[7,48],"9":[1,6],"10":[1,6],"11":[4,52]},"f":{"1":60,"2":59,"3":49,"4":71,"5":56,"6":56,"7":59,"8":56,"9":59,"10":52,"11":59,"12":56},"fnMap":{"1":{"name":"(anonymous_1)","line":11,"loc":{"start":{"line":11,"column":15},"end":{"line":11,"column":25}}},"2":{"name":"(anonymous_2)","line":18,"loc":{"start":{"line":18,"column":18},"end":{"line":18,"column":28}}},"3":{"name":"(anonymous_3)","line":22,"loc":{"start":{"line":22,"column":24},"end":{"line":22,"column":36}}},"4":{"name":"(anonymous_4)","line":36,"loc":{"start":{"line":36,"column":15},"end":{"line":36,"column":29}}},"5":{"name":"(anonymous_5)","line":49,"loc":{"start":{"line":49,"column":17},"end":{"line":49,"column":27}}},"6":{"name":"(anonymous_6)","line":62,"loc":{"start":{"line":62,"column":10},"end":{"line":62,"column":20}}},"7":{"name":"(anonymous_7)","line":83,"loc":{"start":{"line":83,"column":19},"end":{"line":83,"column":29}}},"8":{"name":"(anonymous_8)","line":94,"loc":{"start":{"line":94,"column":15},"end":{"line":94,"column":25}}},"9":{"name":"(anonymous_9)","line":105,"loc":{"start":{"line":105,"column":16},"end":{"line":105,"column":48}}},"10":{"name":"(anonymous_10)","line":114,"loc":{"start":{"line":114,"column":14},"end":{"line":114,"column":54}}},"11":{"name":"(anonymous_11)","line":130,"loc":{"start":{"line":130,"column":24},"end":{"line":130,"column":47}}},"12":{"name":"(anonymous_12)","line":154,"loc":{"start":{"line":154,"column":26},"end":{"line":154,"column":36}}}},"statementMap":{"1":{"start":{"line":7,"column":0},"end":{"line":159,"column":3}},"2":{"start":{"line":12,"column":4},"end":{"line":12,"column":82}},"3":{"start":{"line":22,"column":4},"end":{"line":28,"column":7}},"4":{"start":{"line":23,"column":6},"end":{"line":27,"column":7}},"5":{"start":{"line":24,"column":8},"end":{"line":24,"column":71}},"6":{"start":{"line":25,"column":8},"end":{"line":25,"column":76}},"7":{"start":{"line":26,"column":8},"end":{"line":26,"column":76}},"8":{"start":{"line":37,"column":4},"end":{"line":37,"column":78}},"9":{"start":{"line":39,"column":4},"end":{"line":41,"column":5}},"10":{"start":{"line":40,"column":6},"end":{"line":40,"column":71}},"11":{"start":{"line":43,"column":4},"end":{"line":43,"column":20}},"12":{"start":{"line":50,"column":4},"end":{"line":50,"column":18}},"13":{"start":{"line":52,"column":4},"end":{"line":54,"column":5}},"14":{"start":{"line":53,"column":6},"end":{"line":53,"column":33}},"15":{"start":{"line":56,"column":4},"end":{"line":56,"column":16}},"16":{"start":{"line":63,"column":4},"end":{"line":63,"column":27}},"17":{"start":{"line":64,"column":4},"end":{"line":64,"column":26}},"18":{"start":{"line":65,"column":4},"end":{"line":65,"column":34}},"19":{"start":{"line":67,"column":4},"end":{"line":67,"column":31}},"20":{"start":{"line":68,"column":4},"end":{"line":68,"column":34}},"21":{"start":{"line":69,"column":4},"end":{"line":69,"column":24}},"22":{"start":{"line":73,"column":4},"end":{"line":73,"column":26}},"23":{"start":{"line":74,"column":4},"end":{"line":74,"column":51}},"24":{"start":{"line":76,"column":4},"end":{"line":76,"column":27}},"25":{"start":{"line":78,"column":4},"end":{"line":78,"column":45}},"26":{"start":{"line":79,"column":4},"end":{"line":79,"column":27}},"27":{"start":{"line":80,"column":4},"end":{"line":80,"column":16}},"28":{"start":{"line":84,"column":4},"end":{"line":88,"column":5}},"29":{"start":{"line":85,"column":6},"end":{"line":85,"column":63}},"30":{"start":{"line":86,"column":6},"end":{"line":86,"column":69}},"31":{"start":{"line":87,"column":6},"end":{"line":87,"column":58}},"32":{"start":{"line":95,"column":4},"end":{"line":95,"column":18}},"33":{"start":{"line":96,"column":4},"end":{"line":96,"column":32}},"34":{"start":{"line":97,"column":4},"end":{"line":97,"column":43}},"35":{"start":{"line":99,"column":4},"end":{"line":99,"column":38}},"36":{"start":{"line":100,"column":4},"end":{"line":100,"column":54}},"37":{"start":{"line":106,"column":4},"end":{"line":106,"column":62}},"38":{"start":{"line":107,"column":4},"end":{"line":107,"column":30}},"39":{"start":{"line":115,"column":4},"end":{"line":124,"column":5}},"40":{"start":{"line":116,"column":6},"end":{"line":116,"column":54}},"41":{"start":{"line":117,"column":6},"end":{"line":117,"column":53}},"42":{"start":{"line":122,"column":6},"end":{"line":122,"column":64}},"43":{"start":{"line":123,"column":6},"end":{"line":123,"column":37}},"44":{"start":{"line":131,"column":4},"end":{"line":133,"column":5}},"45":{"start":{"line":132,"column":6},"end":{"line":132,"column":46}},"46":{"start":{"line":135,"column":4},"end":{"line":135,"column":18}},"47":{"start":{"line":136,"column":4},"end":{"line":136,"column":85}},"48":{"start":{"line":137,"column":4},"end":{"line":147,"column":5}},"49":{"start":{"line":139,"column":6},"end":{"line":139,"column":104}},"50":{"start":{"line":140,"column":6},"end":{"line":140,"column":44}},"51":{"start":{"line":141,"column":6},"end":{"line":143,"column":7}},"52":{"start":{"line":142,"column":8},"end":{"line":142,"column":139}},"53":{"start":{"line":146,"column":6},"end":{"line":146,"column":36}},"54":{"start":{"line":149,"column":4},"end":{"line":149,"column":49}},"55":{"start":{"line":150,"column":4},"end":{"line":150,"column":21}},"56":{"start":{"line":155,"column":4},"end":{"line":157,"column":5}},"57":{"start":{"line":156,"column":6},"end":{"line":156,"column":37}}},"branchMap":{"1":{"line":23,"type":"if","locations":[{"start":{"line":23,"column":6},"end":{"line":23,"column":6}},{"start":{"line":23,"column":6},"end":{"line":23,"column":6}}]},"2":{"line":37,"type":"binary-expr","locations":[{"start":{"line":37,"column":19},"end":{"line":37,"column":57}},{"start":{"line":37,"column":61},"end":{"line":37,"column":77}}]},"3":{"line":39,"type":"if","locations":[{"start":{"line":39,"column":4},"end":{"line":39,"column":4}},{"start":{"line":39,"column":4},"end":{"line":39,"column":4}}]},"4":{"line":52,"type":"if","locations":[{"start":{"line":52,"column":4},"end":{"line":52,"column":4}},{"start":{"line":52,"column":4},"end":{"line":52,"column":4}}]},"5":{"line":84,"type":"if","locations":[{"start":{"line":84,"column":4},"end":{"line":84,"column":4}},{"start":{"line":84,"column":4},"end":{"line":84,"column":4}}]},"6":{"line":115,"type":"if","locations":[{"start":{"line":115,"column":4},"end":{"line":115,"column":4}},{"start":{"line":115,"column":4},"end":{"line":115,"column":4}}]},"7":{"line":131,"type":"if","locations":[{"start":{"line":131,"column":4},"end":{"line":131,"column":4}},{"start":{"line":131,"column":4},"end":{"line":131,"column":4}}]},"8":{"line":137,"type":"if","locations":[{"start":{"line":137,"column":4},"end":{"line":137,"column":4}},{"start":{"line":137,"column":4},"end":{"line":137,"column":4}}]},"9":{"line":139,"type":"cond-expr","locations":[{"start":{"line":139,"column":55},"end":{"line":139,"column":83}},{"start":{"line":139,"column":86},"end":{"line":139,"column":103}}]},"10":{"line":141,"type":"if","locations":[{"start":{"line":141,"column":6},"end":{"line":141,"column":6}},{"start":{"line":141,"column":6},"end":{"line":141,"column":6}}]},"11":{"line":155,"type":"if","locations":[{"start":{"line":155,"column":4},"end":{"line":155,"column":4}},{"start":{"line":155,"column":4},"end":{"line":155,"column":4}}]}}},"./src/marionette.region.js":{"path":"./src/marionette.region.js","s":{"1":1,"2":137,"3":137,"4":137,"5":1,"6":1,"7":1,"8":136,"9":1,"10":1,"11":1,"12":109,"13":109,"14":109,"15":109,"16":109,"17":0,"18":109,"19":109,"20":22,"21":109,"22":85,"23":85,"24":109,"25":2,"26":109,"27":40,"28":109,"29":67,"30":67,"31":109,"32":24,"33":109,"34":109,"35":109,"36":67,"37":34,"38":34,"39":33,"40":34,"41":109,"42":1,"43":81,"44":81,"45":81,"46":81,"47":75,"48":81,"49":81,"50":78,"51":81,"52":81,"53":81,"54":86,"55":76,"56":42,"57":75,"58":142,"59":142,"60":103,"61":39,"62":17,"63":22,"64":22,"65":39,"66":39,"67":3,"68":17,"69":17,"70":1},"b":{"1":[137,24],"2":[1,136],"3":[1,135],"4":[0,109],"5":[109,107,85],"6":[22,87],"7":[85,24],"8":[2,107],"9":[40,69],"10":[109,107],"11":[67,42],"12":[24,85],"13":[109,87],"14":[67,42],"15":[33,1],"16":[81,78],"17":[75,6],"18":[78,3],"19":[81,6],"20":[76,10],"21":[86,10],"22":[103,39],"23":[142,40],"24":[17,22],"25":[22,0]},"f":{"1":137,"2":109,"3":34,"4":81,"5":86,"6":42,"7":75,"8":142,"9":3,"10":17},"fnMap":{"1":{"name":"(anonymous_1)","line":7,"loc":{"start":{"line":7,"column":20},"end":{"line":7,"column":37}}},"2":{"name":"(anonymous_2)","line":43,"loc":{"start":{"line":43,"column":15},"end":{"line":43,"column":56}}},"3":{"name":"(anonymous_3)","line":97,"loc":{"start":{"line":97,"column":21},"end":{"line":97,"column":40}}},"4":{"name":"(anonymous_4)","line":121,"loc":{"start":{"line":121,"column":8},"end":{"line":121,"column":22}}},"5":{"name":"(anonymous_5)","line":143,"loc":{"start":{"line":143,"column":12},"end":{"line":143,"column":22}}},"6":{"name":"(anonymous_6)","line":151,"loc":{"start":{"line":151,"column":9},"end":{"line":151,"column":27}}},"7":{"name":"(anonymous_7)","line":157,"loc":{"start":{"line":157,"column":8},"end":{"line":157,"column":22}}},"8":{"name":"(anonymous_8)","line":163,"loc":{"start":{"line":163,"column":9},"end":{"line":163,"column":19}}},"9":{"name":"(anonymous_9)","line":180,"loc":{"start":{"line":180,"column":14},"end":{"line":180,"column":28}}},"10":{"name":"(anonymous_10)","line":188,"loc":{"start":{"line":188,"column":9},"end":{"line":188,"column":19}}}},"statementMap":{"1":{"start":{"line":7,"column":0},"end":{"line":21,"column":2}},"2":{"start":{"line":8,"column":2},"end":{"line":8,"column":31}},"3":{"start":{"line":9,"column":2},"end":{"line":9,"column":45}},"4":{"start":{"line":11,"column":2},"end":{"line":15,"column":3}},"5":{"start":{"line":12,"column":4},"end":{"line":12,"column":67}},"6":{"start":{"line":13,"column":4},"end":{"line":13,"column":27}},"7":{"start":{"line":14,"column":4},"end":{"line":14,"column":14}},"8":{"start":{"line":17,"column":2},"end":{"line":20,"column":3}},"9":{"start":{"line":18,"column":4},"end":{"line":18,"column":54}},"10":{"start":{"line":19,"column":4},"end":{"line":19,"column":38}},"11":{"start":{"line":27,"column":0},"end":{"line":109,"column":3}},"12":{"start":{"line":44,"column":4},"end":{"line":44,"column":60}},"13":{"start":{"line":45,"column":4},"end":{"line":45,"column":77}},"14":{"start":{"line":46,"column":4},"end":{"line":46,"column":81}},"15":{"start":{"line":47,"column":4},"end":{"line":47,"column":60}},"16":{"start":{"line":49,"column":4},"end":{"line":51,"column":5}},"17":{"start":{"line":50,"column":6},"end":{"line":50,"column":122}},"18":{"start":{"line":53,"column":4},"end":{"line":53,"column":29}},"19":{"start":{"line":57,"column":4},"end":{"line":59,"column":5}},"20":{"start":{"line":58,"column":6},"end":{"line":58,"column":30}},"21":{"start":{"line":61,"column":4},"end":{"line":64,"column":5}},"22":{"start":{"line":62,"column":6},"end":{"line":62,"column":39}},"23":{"start":{"line":63,"column":6},"end":{"line":63,"column":35}},"24":{"start":{"line":68,"column":4},"end":{"line":70,"column":5}},"25":{"start":{"line":69,"column":6},"end":{"line":69,"column":32}},"26":{"start":{"line":72,"column":4},"end":{"line":74,"column":5}},"27":{"start":{"line":73,"column":6},"end":{"line":73,"column":37}},"28":{"start":{"line":76,"column":4},"end":{"line":79,"column":5}},"29":{"start":{"line":77,"column":6},"end":{"line":77,"column":43}},"30":{"start":{"line":78,"column":6},"end":{"line":78,"column":37}},"31":{"start":{"line":81,"column":4},"end":{"line":83,"column":5}},"32":{"start":{"line":82,"column":6},"end":{"line":82,"column":24}},"33":{"start":{"line":85,"column":4},"end":{"line":85,"column":31}},"34":{"start":{"line":88,"column":4},"end":{"line":88,"column":46}},"35":{"start":{"line":96,"column":4},"end":{"line":104,"column":5}},"36":{"start":{"line":97,"column":6},"end":{"line":103,"column":8}},"37":{"start":{"line":98,"column":8},"end":{"line":98,"column":45}},"38":{"start":{"line":99,"column":8},"end":{"line":101,"column":9}},"39":{"start":{"line":100,"column":10},"end":{"line":100,"column":32}},"40":{"start":{"line":102,"column":8},"end":{"line":102,"column":39}},"41":{"start":{"line":106,"column":4},"end":{"line":106,"column":18}},"42":{"start":{"line":114,"column":0},"end":{"line":192,"column":3}},"43":{"start":{"line":122,"column":4},"end":{"line":122,"column":20}},"44":{"start":{"line":124,"column":4},"end":{"line":124,"column":64}},"45":{"start":{"line":125,"column":4},"end":{"line":125,"column":52}},"46":{"start":{"line":127,"column":4},"end":{"line":129,"column":5}},"47":{"start":{"line":128,"column":6},"end":{"line":128,"column":19}},"48":{"start":{"line":131,"column":4},"end":{"line":131,"column":18}},"49":{"start":{"line":133,"column":4},"end":{"line":135,"column":5}},"50":{"start":{"line":134,"column":6},"end":{"line":134,"column":22}},"51":{"start":{"line":137,"column":4},"end":{"line":137,"column":28}},"52":{"start":{"line":139,"column":4},"end":{"line":139,"column":54}},"53":{"start":{"line":140,"column":4},"end":{"line":140,"column":48}},"54":{"start":{"line":144,"column":4},"end":{"line":146,"column":5}},"55":{"start":{"line":145,"column":6},"end":{"line":145,"column":37}},"56":{"start":{"line":152,"column":4},"end":{"line":152,"column":34}},"57":{"start":{"line":158,"column":4},"end":{"line":158,"column":37}},"58":{"start":{"line":164,"column":4},"end":{"line":164,"column":32}},"59":{"start":{"line":165,"column":4},"end":{"line":165,"column":42}},"60":{"start":{"line":165,"column":33},"end":{"line":165,"column":40}},"61":{"start":{"line":168,"column":4},"end":{"line":169,"column":44}},"62":{"start":{"line":168,"column":22},"end":{"line":168,"column":35}},"63":{"start":{"line":169,"column":9},"end":{"line":169,"column":44}},"64":{"start":{"line":169,"column":28},"end":{"line":169,"column":42}},"65":{"start":{"line":171,"column":4},"end":{"line":171,"column":55}},"66":{"start":{"line":173,"column":4},"end":{"line":173,"column":28}},"67":{"start":{"line":181,"column":4},"end":{"line":181,"column":28}},"68":{"start":{"line":189,"column":4},"end":{"line":189,"column":17}},"69":{"start":{"line":190,"column":4},"end":{"line":190,"column":20}},"70":{"start":{"line":195,"column":0},"end":{"line":195,"column":45}}},"branchMap":{"1":{"line":8,"type":"binary-expr","locations":[{"start":{"line":8,"column":17},"end":{"line":8,"column":24}},{"start":{"line":8,"column":28},"end":{"line":8,"column":30}}]},"2":{"line":11,"type":"if","locations":[{"start":{"line":11,"column":2},"end":{"line":11,"column":2}},{"start":{"line":11,"column":2},"end":{"line":11,"column":2}}]},"3":{"line":17,"type":"if","locations":[{"start":{"line":17,"column":2},"end":{"line":17,"column":2}},{"start":{"line":17,"column":2},"end":{"line":17,"column":2}}]},"4":{"line":49,"type":"if","locations":[{"start":{"line":49,"column":4},"end":{"line":49,"column":4}},{"start":{"line":49,"column":4},"end":{"line":49,"column":4}}]},"5":{"line":49,"type":"binary-expr","locations":[{"start":{"line":49,"column":8},"end":{"line":49,"column":21}},{"start":{"line":49,"column":25},"end":{"line":49,"column":40}},{"start":{"line":49,"column":44},"end":{"line":49,"column":67}}]},"6":{"line":57,"type":"if","locations":[{"start":{"line":57,"column":4},"end":{"line":57,"column":4}},{"start":{"line":57,"column":4},"end":{"line":57,"column":4}}]},"7":{"line":61,"type":"if","locations":[{"start":{"line":61,"column":4},"end":{"line":61,"column":4}},{"start":{"line":61,"column":4},"end":{"line":61,"column":4}}]},"8":{"line":68,"type":"if","locations":[{"start":{"line":68,"column":4},"end":{"line":68,"column":4}},{"start":{"line":68,"column":4},"end":{"line":68,"column":4}}]},"9":{"line":72,"type":"if","locations":[{"start":{"line":72,"column":4},"end":{"line":72,"column":4}},{"start":{"line":72,"column":4},"end":{"line":72,"column":4}}]},"10":{"line":72,"type":"binary-expr","locations":[{"start":{"line":72,"column":8},"end":{"line":72,"column":21}},{"start":{"line":72,"column":25},"end":{"line":72,"column":46}}]},"11":{"line":76,"type":"if","locations":[{"start":{"line":76,"column":4},"end":{"line":76,"column":4}},{"start":{"line":76,"column":4},"end":{"line":76,"column":4}}]},"12":{"line":81,"type":"if","locations":[{"start":{"line":81,"column":4},"end":{"line":81,"column":4}},{"start":{"line":81,"column":4},"end":{"line":81,"column":4}}]},"13":{"line":81,"type":"binary-expr","locations":[{"start":{"line":81,"column":8},"end":{"line":81,"column":22}},{"start":{"line":81,"column":26},"end":{"line":81,"column":38}}]},"14":{"line":96,"type":"if","locations":[{"start":{"line":96,"column":4},"end":{"line":96,"column":4}},{"start":{"line":96,"column":4},"end":{"line":96,"column":4}}]},"15":{"line":99,"type":"if","locations":[{"start":{"line":99,"column":8},"end":{"line":99,"column":8}},{"start":{"line":99,"column":8},"end":{"line":99,"column":8}}]},"16":{"line":124,"type":"binary-expr","locations":[{"start":{"line":124,"column":23},"end":{"line":124,"column":36}},{"start":{"line":124,"column":40},"end":{"line":124,"column":63}}]},"17":{"line":127,"type":"if","locations":[{"start":{"line":127,"column":4},"end":{"line":127,"column":4}},{"start":{"line":127,"column":4},"end":{"line":127,"column":4}}]},"18":{"line":133,"type":"if","locations":[{"start":{"line":133,"column":4},"end":{"line":133,"column":4}},{"start":{"line":133,"column":4},"end":{"line":133,"column":4}}]},"19":{"line":133,"type":"binary-expr","locations":[{"start":{"line":133,"column":8},"end":{"line":133,"column":23}},{"start":{"line":133,"column":27},"end":{"line":133,"column":39}}]},"20":{"line":144,"type":"if","locations":[{"start":{"line":144,"column":4},"end":{"line":144,"column":4}},{"start":{"line":144,"column":4},"end":{"line":144,"column":4}}]},"21":{"line":144,"type":"binary-expr","locations":[{"start":{"line":144,"column":8},"end":{"line":144,"column":17}},{"start":{"line":144,"column":21},"end":{"line":144,"column":42}}]},"22":{"line":165,"type":"if","locations":[{"start":{"line":165,"column":4},"end":{"line":165,"column":4}},{"start":{"line":165,"column":4},"end":{"line":165,"column":4}}]},"23":{"line":165,"type":"binary-expr","locations":[{"start":{"line":165,"column":8},"end":{"line":165,"column":13}},{"start":{"line":165,"column":17},"end":{"line":165,"column":30}}]},"24":{"line":168,"type":"if","locations":[{"start":{"line":168,"column":4},"end":{"line":168,"column":4}},{"start":{"line":168,"column":4},"end":{"line":168,"column":4}}]},"25":{"line":169,"type":"if","locations":[{"start":{"line":169,"column":9},"end":{"line":169,"column":9}},{"start":{"line":169,"column":9},"end":{"line":169,"column":9}}]}}},"./src/marionette.regionManager.js":{"path":"./src/marionette.regionManager.js","s":{"1":1,"2":1,"3":173,"4":173,"5":66,"6":66,"7":87,"8":66,"9":87,"10":83,"11":87,"12":87,"13":66,"14":115,"15":115,"16":115,"17":115,"18":115,"19":107,"20":8,"21":2,"22":6,"23":115,"24":115,"25":115,"26":17,"27":10,"28":10,"29":11,"30":18,"31":15,"32":19,"33":8,"34":8,"35":8,"36":115,"37":115,"38":28,"39":28,"40":28,"41":28,"42":143,"43":1,"44":1,"45":23,"46":13,"47":13,"48":13,"49":1},"b":{"1":[66,21],"2":[83,4],"3":[107,8],"4":[115,93,93],"5":[2,6]},"f":{"1":1,"2":173,"3":66,"4":87,"5":115,"6":17,"7":10,"8":11,"9":18,"10":15,"11":19,"12":8,"13":115,"14":28,"15":143,"16":23,"17":13},"fnMap":{"1":{"name":"(anonymous_1)","line":5,"loc":{"start":{"line":5,"column":28},"end":{"line":5,"column":48}}},"2":{"name":"(anonymous_2)","line":8,"loc":{"start":{"line":8,"column":17},"end":{"line":8,"column":34}}},"3":{"name":"(anonymous_3)","line":16,"loc":{"start":{"line":16,"column":16},"end":{"line":16,"column":53}}},"4":{"name":"(anonymous_4)","line":19,"loc":{"start":{"line":19,"column":32},"end":{"line":19,"column":58}}},"5":{"name":"(anonymous_5)","line":37,"loc":{"start":{"line":37,"column":15},"end":{"line":37,"column":41}}},"6":{"name":"(anonymous_6)","line":58,"loc":{"start":{"line":58,"column":9},"end":{"line":58,"column":23}}},"7":{"name":"(anonymous_7)","line":63,"loc":{"start":{"line":63,"column":18},"end":{"line":63,"column":32}}},"8":{"name":"(anonymous_8)","line":70,"loc":{"start":{"line":70,"column":19},"end":{"line":70,"column":29}}},"9":{"name":"(anonymous_9)","line":71,"loc":{"start":{"line":71,"column":28},"end":{"line":71,"column":50}}},"10":{"name":"(anonymous_10)","line":78,"loc":{"start":{"line":78,"column":18},"end":{"line":78,"column":28}}},"11":{"name":"(anonymous_11)","line":79,"loc":{"start":{"line":79,"column":28},"end":{"line":79,"column":50}}},"12":{"name":"(anonymous_12)","line":86,"loc":{"start":{"line":86,"column":11},"end":{"line":86,"column":21}}},"13":{"name":"(anonymous_13)","line":93,"loc":{"start":{"line":93,"column":12},"end":{"line":93,"column":34}}},"14":{"name":"(anonymous_14)","line":99,"loc":{"start":{"line":99,"column":13},"end":{"line":99,"column":35}}},"15":{"name":"(anonymous_15)","line":107,"loc":{"start":{"line":107,"column":16},"end":{"line":107,"column":26}}},"16":{"name":"(anonymous_16)","line":123,"loc":{"start":{"line":123,"column":18},"end":{"line":123,"column":35}}},"17":{"name":"(anonymous_17)","line":124,"loc":{"start":{"line":124,"column":38},"end":{"line":124,"column":49}}}},"statementMap":{"1":{"start":{"line":5,"column":0},"end":{"line":132,"column":15}},"2":{"start":{"line":7,"column":2},"end":{"line":111,"column":5}},"3":{"start":{"line":9,"column":6},"end":{"line":9,"column":25}},"4":{"start":{"line":10,"column":6},"end":{"line":10,"column":70}},"5":{"start":{"line":17,"column":6},"end":{"line":17,"column":23}},"6":{"start":{"line":19,"column":6},"end":{"line":30,"column":15}},"7":{"start":{"line":20,"column":8},"end":{"line":22,"column":9}},"8":{"start":{"line":21,"column":10},"end":{"line":21,"column":48}},"9":{"start":{"line":24,"column":8},"end":{"line":26,"column":9}},"10":{"start":{"line":25,"column":10},"end":{"line":25,"column":60}},"11":{"start":{"line":28,"column":8},"end":{"line":28,"column":54}},"12":{"start":{"line":29,"column":8},"end":{"line":29,"column":31}},"13":{"start":{"line":32,"column":6},"end":{"line":32,"column":21}},"14":{"start":{"line":38,"column":6},"end":{"line":38,"column":17}},"15":{"start":{"line":40,"column":6},"end":{"line":40,"column":44}},"16":{"start":{"line":41,"column":6},"end":{"line":41,"column":44}},"17":{"start":{"line":42,"column":6},"end":{"line":42,"column":46}},"18":{"start":{"line":44,"column":6},"end":{"line":50,"column":7}},"19":{"start":{"line":45,"column":8},"end":{"line":45,"column":78}},"20":{"start":{"line":46,"column":13},"end":{"line":50,"column":7}},"21":{"start":{"line":47,"column":8},"end":{"line":47,"column":78}},"22":{"start":{"line":49,"column":8},"end":{"line":49,"column":28}},"23":{"start":{"line":52,"column":6},"end":{"line":52,"column":32}},"24":{"start":{"line":53,"column":6},"end":{"line":53,"column":53}},"25":{"start":{"line":54,"column":6},"end":{"line":54,"column":20}},"26":{"start":{"line":59,"column":6},"end":{"line":59,"column":33}},"27":{"start":{"line":64,"column":6},"end":{"line":64,"column":39}},"28":{"start":{"line":65,"column":6},"end":{"line":65,"column":33}},"29":{"start":{"line":71,"column":6},"end":{"line":73,"column":15}},"30":{"start":{"line":72,"column":8},"end":{"line":72,"column":35}},"31":{"start":{"line":79,"column":6},"end":{"line":81,"column":15}},"32":{"start":{"line":80,"column":8},"end":{"line":80,"column":23}},"33":{"start":{"line":87,"column":6},"end":{"line":87,"column":27}},"34":{"start":{"line":88,"column":6},"end":{"line":88,"column":55}},"35":{"start":{"line":89,"column":6},"end":{"line":89,"column":62}},"36":{"start":{"line":94,"column":6},"end":{"line":94,"column":35}},"37":{"start":{"line":95,"column":6},"end":{"line":95,"column":24}},"38":{"start":{"line":100,"column":6},"end":{"line":100,"column":21}},"39":{"start":{"line":101,"column":6},"end":{"line":101,"column":33}},"40":{"start":{"line":102,"column":6},"end":{"line":102,"column":24}},"41":{"start":{"line":103,"column":6},"end":{"line":103,"column":56}},"42":{"start":{"line":108,"column":6},"end":{"line":108,"column":42}},"43":{"start":{"line":118,"column":2},"end":{"line":121,"column":43}},"44":{"start":{"line":123,"column":2},"end":{"line":129,"column":5}},"45":{"start":{"line":124,"column":4},"end":{"line":128,"column":6}},"46":{"start":{"line":125,"column":6},"end":{"line":125,"column":44}},"47":{"start":{"line":126,"column":6},"end":{"line":126,"column":56}},"48":{"start":{"line":127,"column":6},"end":{"line":127,"column":38}},"49":{"start":{"line":131,"column":2},"end":{"line":131,"column":23}}},"branchMap":{"1":{"line":20,"type":"if","locations":[{"start":{"line":20,"column":8},"end":{"line":20,"column":8}},{"start":{"line":20,"column":8},"end":{"line":20,"column":8}}]},"2":{"line":24,"type":"if","locations":[{"start":{"line":24,"column":8},"end":{"line":24,"column":8}},{"start":{"line":24,"column":8},"end":{"line":24,"column":8}}]},"3":{"line":44,"type":"if","locations":[{"start":{"line":44,"column":6},"end":{"line":44,"column":6}},{"start":{"line":44,"column":6},"end":{"line":44,"column":6}}]},"4":{"line":44,"type":"binary-expr","locations":[{"start":{"line":44,"column":10},"end":{"line":44,"column":18}},{"start":{"line":44,"column":23},"end":{"line":44,"column":31}},{"start":{"line":44,"column":35},"end":{"line":44,"column":46}}]},"5":{"line":46,"type":"if","locations":[{"start":{"line":46,"column":13},"end":{"line":46,"column":13}},{"start":{"line":46,"column":13},"end":{"line":46,"column":13}}]}}},"./src/marionette.layout.js":{"path":"./src/marionette.layout.js","s":{"1":1,"2":37,"3":37,"4":37,"5":37,"6":42,"7":2,"8":42,"9":29,"10":13,"11":12,"12":42,"13":42,"14":42,"15":5,"16":0,"17":5,"18":5,"19":5,"20":11,"21":11,"22":11,"23":39,"24":39,"25":4,"26":4,"27":50,"28":50,"29":32,"30":50,"31":39,"32":39,"33":39,"34":2,"35":37,"36":39,"37":12,"38":12,"39":15,"40":39,"41":39,"42":63,"43":63,"44":39,"45":13,"46":13},"b":{"1":[37,21],"2":[2,40],"3":[29,13],"4":[12,1],"5":[0,5],"6":[2,37],"7":[37,13]},"f":{"1":37,"2":42,"3":5,"4":11,"5":39,"6":4,"7":50,"8":32,"9":39,"10":12,"11":15,"12":39,"13":63,"14":13},"fnMap":{"1":{"name":"(anonymous_1)","line":15,"loc":{"start":{"line":15,"column":15},"end":{"line":15,"column":34}}},"2":{"name":"(anonymous_2)","line":28,"loc":{"start":{"line":28,"column":10},"end":{"line":28,"column":20}}},"3":{"name":"(anonymous_3)","line":52,"loc":{"start":{"line":52,"column":9},"end":{"line":52,"column":21}}},"4":{"name":"(anonymous_4)","line":60,"loc":{"start":{"line":60,"column":13},"end":{"line":60,"column":39}}},"5":{"name":"(anonymous_5)","line":67,"loc":{"start":{"line":67,"column":14},"end":{"line":67,"column":31}}},"6":{"name":"(anonymous_6)","line":73,"loc":{"start":{"line":73,"column":16},"end":{"line":73,"column":30}}},"7":{"name":"(anonymous_7)","line":79,"loc":{"start":{"line":79,"column":17},"end":{"line":79,"column":34}}},"8":{"name":"(anonymous_8)","line":84,"loc":{"start":{"line":84,"column":16},"end":{"line":84,"column":26}}},"9":{"name":"(anonymous_9)","line":92,"loc":{"start":{"line":92,"column":22},"end":{"line":92,"column":41}}},"10":{"name":"(anonymous_10)","line":107,"loc":{"start":{"line":107,"column":24},"end":{"line":107,"column":34}}},"11":{"name":"(anonymous_11)","line":109,"loc":{"start":{"line":109,"column":28},"end":{"line":109,"column":44}}},"12":{"name":"(anonymous_12)","line":116,"loc":{"start":{"line":116,"column":22},"end":{"line":116,"column":32}}},"13":{"name":"(anonymous_13)","line":119,"loc":{"start":{"line":119,"column":52},"end":{"line":119,"column":74}}},"14":{"name":"(anonymous_14)","line":124,"loc":{"start":{"line":124,"column":55},"end":{"line":124,"column":77}}}},"statementMap":{"1":{"start":{"line":10,"column":0},"end":{"line":129,"column":3}},"2":{"start":{"line":16,"column":4},"end":{"line":16,"column":28}},"3":{"start":{"line":18,"column":4},"end":{"line":18,"column":29}},"4":{"start":{"line":19,"column":4},"end":{"line":19,"column":37}},"5":{"start":{"line":21,"column":4},"end":{"line":21,"column":66}},"6":{"start":{"line":30,"column":4},"end":{"line":34,"column":5}},"7":{"start":{"line":33,"column":6},"end":{"line":33,"column":32}},"8":{"start":{"line":35,"column":4},"end":{"line":43,"column":5}},"9":{"start":{"line":38,"column":6},"end":{"line":38,"column":32}},"10":{"start":{"line":39,"column":11},"end":{"line":43,"column":5}},"11":{"start":{"line":42,"column":6},"end":{"line":42,"column":34}},"12":{"start":{"line":45,"column":4},"end":{"line":45,"column":54}},"13":{"start":{"line":46,"column":4},"end":{"line":46,"column":72}},"14":{"start":{"line":48,"column":4},"end":{"line":48,"column":18}},"15":{"start":{"line":53,"column":4},"end":{"line":53,"column":33}},"16":{"start":{"line":53,"column":24},"end":{"line":53,"column":31}},"17":{"start":{"line":54,"column":4},"end":{"line":54,"column":31}},"18":{"start":{"line":55,"column":4},"end":{"line":55,"column":54}},"19":{"start":{"line":56,"column":4},"end":{"line":56,"column":58}},"20":{"start":{"line":61,"column":4},"end":{"line":61,"column":21}},"21":{"start":{"line":62,"column":4},"end":{"line":62,"column":31}},"22":{"start":{"line":63,"column":4},"end":{"line":63,"column":45}},"23":{"start":{"line":68,"column":4},"end":{"line":68,"column":55}},"24":{"start":{"line":69,"column":4},"end":{"line":69,"column":39}},"25":{"start":{"line":74,"column":4},"end":{"line":74,"column":30}},"26":{"start":{"line":75,"column":4},"end":{"line":75,"column":49}},"27":{"start":{"line":80,"column":4},"end":{"line":80,"column":20}},"28":{"start":{"line":82,"column":4},"end":{"line":85,"column":6}},"29":{"start":{"line":84,"column":28},"end":{"line":84,"column":44}},"30":{"start":{"line":87,"column":4},"end":{"line":87,"column":60}},"31":{"start":{"line":93,"column":4},"end":{"line":93,"column":16}},"32":{"start":{"line":94,"column":4},"end":{"line":94,"column":30}},"33":{"start":{"line":96,"column":4},"end":{"line":100,"column":5}},"34":{"start":{"line":97,"column":6},"end":{"line":97,"column":38}},"35":{"start":{"line":99,"column":6},"end":{"line":99,"column":35}},"36":{"start":{"line":102,"column":4},"end":{"line":102,"column":29}},"37":{"start":{"line":108,"column":4},"end":{"line":108,"column":38}},"38":{"start":{"line":109,"column":4},"end":{"line":111,"column":7}},"39":{"start":{"line":110,"column":6},"end":{"line":110,"column":21}},"40":{"start":{"line":117,"column":4},"end":{"line":117,"column":56}},"41":{"start":{"line":119,"column":4},"end":{"line":122,"column":7}},"42":{"start":{"line":120,"column":6},"end":{"line":120,"column":26}},"43":{"start":{"line":121,"column":6},"end":{"line":121,"column":47}},"44":{"start":{"line":124,"column":4},"end":{"line":127,"column":7}},"45":{"start":{"line":125,"column":6},"end":{"line":125,"column":24}},"46":{"start":{"line":126,"column":6},"end":{"line":126,"column":50}}},"branchMap":{"1":{"line":16,"type":"binary-expr","locations":[{"start":{"line":16,"column":14},"end":{"line":16,"column":21}},{"start":{"line":16,"column":25},"end":{"line":16,"column":27}}]},"2":{"line":30,"type":"if","locations":[{"start":{"line":30,"column":4},"end":{"line":30,"column":4}},{"start":{"line":30,"column":4},"end":{"line":30,"column":4}}]},"3":{"line":35,"type":"if","locations":[{"start":{"line":35,"column":4},"end":{"line":35,"column":4}},{"start":{"line":35,"column":4},"end":{"line":35,"column":4}}]},"4":{"line":39,"type":"if","locations":[{"start":{"line":39,"column":11},"end":{"line":39,"column":11}},{"start":{"line":39,"column":11},"end":{"line":39,"column":11}}]},"5":{"line":53,"type":"if","locations":[{"start":{"line":53,"column":4},"end":{"line":53,"column":4}},{"start":{"line":53,"column":4},"end":{"line":53,"column":4}}]},"6":{"line":96,"type":"if","locations":[{"start":{"line":96,"column":4},"end":{"line":96,"column":4}},{"start":{"line":96,"column":4},"end":{"line":96,"column":4}}]},"7":{"line":99,"type":"binary-expr","locations":[{"start":{"line":99,"column":16},"end":{"line":99,"column":28}},{"start":{"line":99,"column":32},"end":{"line":99,"column":34}}]}}},"./src/marionette.application.js":{"path":"./src/marionette.application.js","s":{"1":1,"2":106,"3":106,"4":106,"5":106,"6":106,"7":106,"8":106,"9":106,"10":1,"11":0,"12":0,"13":0
[...]
{"start":{"line":24,"column":4},"end":{"line":24,"column":33}},"4":{"start":{"line":26,"column":4},"end":{"line":26,"column":60}},"5":{"start":{"line":27,"column":4},"end":{"line":27,"column":43}},"6":{"start":{"line":28,"column":4},"end":{"line":28,"column":49}},"7":{"start":{"line":34,"column":4},"end":{"line":34,"column":43}},"8":{"start":{"line":35,"column":4},"end":{"line":35,"column":53}},"9":{"start":{"line":42,"column":4},"end":{"line":42,"column":30}},"10":{"start":{"line":42,"column":21},"end":{"line":42,"column":28}},"11":{"start":{"line":44,"column":4},"end":{"line":44,"column":49}},"12":{"start":{"line":46,"column":4},"end":{"line":48,"column":13}},"13":{"start":{"line":47,"column":6},"end":{"line":47,"column":61}},"14":{"start":{"line":52,"column":4},"end":{"line":52,"column":52}},"15":{"start":{"line":56,"column":4},"end":{"line":56,"column":40}},"16":{"start":{"line":58,"column":4},"end":{"line":60,"column":5}},"17":{"start":{"line":59,"column":6},"end":{"line":59,"column":85}},"18":{"start":{"line":62,"column":4},"end":{"line":62,"column":62}}},"branchMap":{"1":{"line":24,"type":"binary-expr","locations":[{"start":{"line":24,"column":19},"end":{"line":24,"column":26}},{"start":{"line":24,"column":30},"end":{"line":24,"column":32}}]},"2":{"line":42,"type":"if","locations":[{"start":{"line":42,"column":4},"end":{"line":42,"column":4}},{"start":{"line":42,"column":4},"end":{"line":42,"column":4}}]},"3":{"line":58,"type":"if","locations":[{"start":{"line":58,"column":4},"end":{"line":58,"column":4}},{"start":{"line":58,"column":4},"end":{"line":58,"column":4}}]}}},"./src/marionette.module.js":{"path":"./src/marionette.module.js","s":{"1":1,"2":137,"3":137,"4":137,"5":137,"6":137,"7":137,"8":137,"9":137,"10":137,"11":137,"12":1,"13":1,"14":96,"15":14,"16":125,"17":28,"18":97,"19":33,"20":29,"21":97,"22":97,"23":97,"24":97,"25":16,"26":2,"27":14,"28":14,"29":14,"30":12,"31":14,"32":14,"33":14,"34":14,"35":83,"36":83,"37":0,"38":83,"39":83,"40":137,"41":137,"42":1,"43":145,"44":145,"45":145,"46":145,"47":145,"48":145,"49":145,"50":145,"51":198,"52":198,"53":198,"54":145,"55":198,"56":198,"57":198,"58":108,"59":198,"60":198,"61":137,"62":137,"63":137,"64":198,"65":198,"66":198,"67":198,"68":76,"69":76,"70":122,"71":11,"72":11,"73":111,"74":198,"75":83,"76":198,"77":198,"78":118,"79":118,"80":47,"81":45},"b":{"1":[137,135],"2":[137,0],"3":[28,97],"4":[29,4],"5":[2,14],"6":[0,83],"7":[108,90],"8":[108,105],"9":[137,61],"10":[76,122],"11":[11,111],"12":[83,115],"13":[198,180],"14":[118,80],"15":[198,169],"16":[45,2]},"f":{"1":137,"2":132,"3":96,"4":14,"5":125,"6":33,"7":16,"8":12,"9":83,"10":83,"11":137,"12":145,"13":198,"14":198,"15":198,"16":47},"fnMap":{"1":{"name":"(anonymous_1)","line":6,"loc":{"start":{"line":6,"column":20},"end":{"line":6,"column":54}}},"2":{"name":"(anonymous_2)","line":35,"loc":{"start":{"line":35,"column":14},"end":{"line":35,"column":24}}},"3":{"name":"(anonymous_3)","line":39,"loc":{"start":{"line":39,"column":18},"end":{"line":39,"column":36}}},"4":{"name":"(anonymous_4)","line":46,"loc":{"start":{"line":46,"column":16},"end":{"line":46,"column":34}}},"5":{"name":"(anonymous_5)","line":51,"loc":{"start":{"line":51,"column":9},"end":{"line":51,"column":26}}},"6":{"name":"(anonymous_6)","line":56,"loc":{"start":{"line":56,"column":28},"end":{"line":56,"column":41}}},"7":{"name":"(anonymous_7)","line":74,"loc":{"start":{"line":74,"column":8},"end":{"line":74,"column":18}}},"8":{"name":"(anonymous_8)","line":83,"loc":{"start":{"line":83,"column":28},"end":{"line":83,"column":41}}},"9":{"name":"(anonymous_9)","line":97,"loc":{"start":{"line":97,"column":17},"end":{"line":97,"column":55}}},"10":{"name":"(anonymous_10)","line":103,"loc":{"start":{"line":103,"column":24},"end":{"line":103,"column":56}}},"11":{"name":"(anonymous_11)","line":122,"loc":{"start":{"line":122,"column":35},"end":{"line":122,"column":45}}},"12":{"name":"(anonymous_12)","line":132,"loc":{"start":{"line":132,"column":10},"end":{"line":132,"column":54}}},"13":{"name":"(anonymous_13)","line":149,"loc":{"start":{"line":149,"column":24},"end":{"line":149,"column":47}}},"14":{"name":"(anonymous_14)","line":159,"loc":{"start":{"line":159,"column":14},"end":{"line":159,"column":64}}},"15":{"name":"(anonymous_15)","line":180,"loc":{"start":{"line":180,"column":24},"end":{"line":180,"column":65}}},"16":{"name":"(anonymous_16)","line":215,"loc":{"start":{"line":215,"column":34},"end":{"line":215,"column":51}}}},"statementMap":{"1":{"start":{"line":6,"column":0},"end":{"line":25,"column":2}},"2":{"start":{"line":7,"column":2},"end":{"line":7,"column":31}},"3":{"start":{"line":8,"column":2},"end":{"line":8,"column":53}},"4":{"start":{"line":9,"column":2},"end":{"line":9,"column":58}},"5":{"start":{"line":12,"column":2},"end":{"line":12,"column":23}},"6":{"start":{"line":14,"column":2},"end":{"line":14,"column":41}},"7":{"start":{"line":17,"column":2},"end":{"line":17,"column":17}},"8":{"start":{"line":18,"column":2},"end":{"line":18,"column":30}},"9":{"start":{"line":20,"column":2},"end":{"line":20,"column":48}},"10":{"start":{"line":22,"column":2},"end":{"line":24,"column":3}},"11":{"start":{"line":23,"column":4},"end":{"line":23,"column":34}},"12":{"start":{"line":27,"column":0},"end":{"line":27,"column":45}},"13":{"start":{"line":31,"column":0},"end":{"line":126,"column":3}},"14":{"start":{"line":40,"column":4},"end":{"line":40,"column":45}},"15":{"start":{"line":47,"column":4},"end":{"line":47,"column":43}},"16":{"start":{"line":53,"column":4},"end":{"line":53,"column":39}},"17":{"start":{"line":53,"column":30},"end":{"line":53,"column":37}},"18":{"start":{"line":56,"column":4},"end":{"line":61,"column":7}},"19":{"start":{"line":58,"column":6},"end":{"line":60,"column":7}},"20":{"start":{"line":59,"column":8},"end":{"line":59,"column":27}},"21":{"start":{"line":64,"column":4},"end":{"line":64,"column":48}},"22":{"start":{"line":66,"column":4},"end":{"line":66,"column":50}},"23":{"start":{"line":67,"column":4},"end":{"line":67,"column":31}},"24":{"start":{"line":69,"column":4},"end":{"line":69,"column":41}},"25":{"start":{"line":76,"column":4},"end":{"line":76,"column":40}},"26":{"start":{"line":76,"column":31},"end":{"line":76,"column":38}},"27":{"start":{"line":77,"column":4},"end":{"line":77,"column":32}},"28":{"start":{"line":79,"column":4},"end":{"line":79,"column":55}},"29":{"start":{"line":83,"column":4},"end":{"line":83,"column":58}},"30":{"start":{"line":83,"column":43},"end":{"line":83,"column":54}},"31":{"start":{"line":86,"column":4},"end":{"line":86,"column":49}},"32":{"start":{"line":89,"column":4},"end":{"line":89,"column":39}},"33":{"start":{"line":90,"column":4},"end":{"line":90,"column":37}},"34":{"start":{"line":92,"column":4},"end":{"line":92,"column":48}},"35":{"start":{"line":98,"column":4},"end":{"line":98,"column":60}},"36":{"start":{"line":104,"column":4},"end":{"line":104,"column":31}},"37":{"start":{"line":104,"column":22},"end":{"line":104,"column":29}},"38":{"start":{"line":107,"column":4},"end":{"line":114,"column":7}},"39":{"start":{"line":116,"column":4},"end":{"line":116,"column":33}},"40":{"start":{"line":123,"column":4},"end":{"line":123,"column":60}},"41":{"start":{"line":124,"column":4},"end":{"line":124,"column":58}},"42":{"start":{"line":129,"column":0},"end":{"line":224,"column":3}},"43":{"start":{"line":133,"column":4},"end":{"line":133,"column":21}},"44":{"start":{"line":137,"column":4},"end":{"line":137,"column":38}},"45":{"start":{"line":138,"column":4},"end":{"line":138,"column":28}},"46":{"start":{"line":141,"column":4},"end":{"line":141,"column":41}},"47":{"start":{"line":142,"column":4},"end":{"line":142,"column":36}},"48":{"start":{"line":145,"column":4},"end":{"line":145,"column":31}},"49":{"start":{"line":146,"column":4},"end":{"line":146,"column":51}},"50":{"start":{"line":149,"column":4},"end":{"line":153,"column":13}},"51":{"start":{"line":150,"column":6},"end":{"line":150,"column":32}},"52":{"start":{"line":151,"column":6},"end":{"line":151,"column":80}},"53":{"start":{"line":152,"column":6},"end":{"line":152,"column":88}},"54":{"start":{"line":156,"column":4},"end":{"line":156,"column":18}},"55":{"start":{"line":160,"column":4},"end":{"line":160,"column":40}},"56":{"start":{"line":161,"column":4},"end":{"line":161,"column":36}},"57":{"start":{"line":162,"column":4},"end":{"line":164,"column":5}},"58":{"start":{"line":163,"column":6},"end":{"line":163,"column":51}},"59":{"start":{"line":167,"column":4},"end":{"line":167,"column":42}},"60":{"start":{"line":169,"column":4},"end":{"line":175,"column":5}},"61":{"start":{"line":171,"column":6},"end":{"line":171,"column":57}},"62":{"start":{"line":172,"column":6},"end":{"line":172,"column":40}},"63":{"start":{"line":174,"column":6},"end":{"line":174,"column":51}},"64":{"start":{"line":177,"column":4},"end":{"line":177,"column":18}},"65":{"start":{"line":181,"column":4},"end":{"line":181,"column":11}},"66":{"start":{"line":182,"column":4},"end":{"line":182,"column":24}},"67":{"start":{"line":184,"column":4},"end":{"line":197,"column":5}},"68":{"start":{"line":186,"column":6},"end":{"line":186,"column":15}},"69":{"start":{"line":187,"column":6},"end":{"line":187,"column":29}},"70":{"start":{"line":189,"column":11},"end":{"line":197,"column":5}},"71":{"start":{"line":191,"column":6},"end":{"line":191,"column":22}},"72":{"start":{"line":192,"column":6},"end":{"line":192,"column":44}},"73":{"start":{"line":196,"column":6},"end":{"line":196,"column":29}},"74":{"start":{"line":200,"column":4},"end":{"line":202,"column":5}},"75":{"start":{"line":201,"column":6},"end":{"line":201,"column":37}},"76":{"start":{"line":206,"column":4},"end":{"line":206,"column":71}},"77":{"start":{"line":209,"column":4},"end":{"line":221,"column":5}},"78":{"start":{"line":212,"column":6},"end":{"line":212,"column":48}},"79":{"start":{"line":215,"column":6},"end":{"line":219,"column":9}},"80":{"start":{"line":216,"column":8},"end":{"line":218,"column":9}},"81":{"start":{"line":217,"column":10},"end":{"line":217,"column":32}}},"branchMap":{"1":{"line":9,"type":"binary-expr","locations":[{"start":{"line":9,"column":20},"end":{"line":9,"column":38}},{"start":{"line":9,"column":42},"end":{"line":9,"column":57}}]},"2":{"line":22,"type":"if","locations":[{"start":{"line":22,"column":2},"end":{"line":22,"column":2}},{"start":{"line":22,"column":2},"end":{"line":22,"column":2}}]},"3":{"line":53,"type":"if","locations":[{"start":{"line":53,"column":4},"end":{"line":53,"column":4}},{"start":{"line":53,"column":4},"end":{"line":53,"column":4}}]},"4":{"line":58,"type":"if","locations":[{"start":{"line":58,"column":6},"end":{"line":58,"column":6}},{"start":{"line":58,"column":6},"end":{"line":58,"column":6}}]},"5":{"line":76,"type":"if","locations":[{"start":{"line":76,"column":4},"end":{"line":76,"column":4}},{"start":{"line":76,"column":4},"end":{"line":76,"column":4}}]},"6":{"line":104,"type":"if","locations":[{"start":{"line":104,"column":4},"end":{"line":104,"column":4}},{"start":{"line":104,"column":4},"end":{"line":104,"column":4}}]},"7":{"line":162,"type":"if","locations":[{"start":{"line":162,"column":4},"end":{"line":162,"column":4}},{"start":{"line":162,"column":4},"end":{"line":162,"column":4}}]},"8":{"line":163,"type":"binary-expr","locations":[{"start":{"line":163,"column":20},"end":{"line":163,"column":35}},{"start":{"line":163,"column":39},"end":{"line":163,"column":50}}]},"9":{"line":169,"type":"if","locations":[{"start":{"line":169,"column":4},"end":{"line":169,"column":4}},{"start":{"line":169,"column":4},"end":{"line":169,"column":4}}]},"10":{"line":184,"type":"if","locations":[{"start":{"line":184,"column":4},"end":{"line":184,"column":4}},{"start":{"line":184,"column":4},"end":{"line":184,"column":4}}]},"11":{"line":189,"type":"if","locations":[{"start":{"line":189,"column":11},"end":{"line":189,"column":11}},{"start":{"line":189,"column":11},"end":{"line":189,"column":11}}]},"12":{"line":200,"type":"if","locations":[{"start":{"line":200,"column":4},"end":{"line":200,"column":4}},{"start":{"line":200,"column":4},"end":{"line":200,"column":4}}]},"13":{"line":206,"type":"binary-expr","locations":[{"start":{"line":206,"column":29},"end":{"line":206,"column":51}},{"start":{"line":206,"column":55},"end":{"line":206,"column":70}}]},"14":{"line":209,"type":"if","locations":[{"start":{"line":209,"column":4},"end":{"line":209,"column":4}},{"start":{"line":209,"column":4},"end":{"line":209,"column":4}}]},"15":{"line":209,"type":"binary-expr","locations":[{"start":{"line":209,"column":8},"end":{"line":209,"column":30}},{"start":{"line":209,"column":34},"end":{"line":209,"column":69}}]},"16":{"line":216,"type":"if","locations":[{"start":{"line":216,"column":8},"end":{"line":216,"column":8}},{"start":{"line":216,"column":8},"end":{"line":216,"column":8}}]}}},"./src/marionette.templatecache.js":{"path":"./src/marionette.templatecache.js","s":{"1":1,"2":30,"3":1,"4":142,"5":142,"6":30,"7":30,"8":142,"9":6,"10":6,"11":6,"12":6,"13":4,"14":6,"15":2,"16":1,"17":142,"18":112,"19":30,"20":30,"21":30,"22":30,"23":30,"24":0,"25":30,"26":30},"b":{"1":[30,112],"2":[4,2],"3":[112,30],"4":[0,30],"5":[30,30]},"f":{"1":30,"2":142,"3":6,"4":142,"5":30,"6":30},"fnMap":{"1":{"name":"(anonymous_1)","line":6,"loc":{"start":{"line":6,"column":27},"end":{"line":6,"column":47}}},"2":{"name":"(anonymous_2)","line":19,"loc":{"start":{"line":19,"column":7},"end":{"line":19,"column":27}}},"3":{"name":"(anonymous_3)","line":37,"loc":{"start":{"line":37,"column":9},"end":{"line":37,"column":19}}},"4":{"name":"(anonymous_4)","line":58,"loc":{"start":{"line":58,"column":8},"end":{"line":58,"column":18}}},"5":{"name":"(anonymous_5)","line":76,"loc":{"start":{"line":76,"column":16},"end":{"line":76,"column":36}}},"6":{"name":"(anonymous_6)","line":90,"loc":{"start":{"line":90,"column":19},"end":{"line":90,"column":40}}}},"statementMap":{"1":{"start":{"line":6,"column":0},"end":{"line":8,"column":2}},"2":{"start":{"line":7,"column":2},"end":{"line":7,"column":31}},"3":{"start":{"line":13,"column":0},"end":{"line":50,"column":3}},"4":{"start":{"line":20,"column":4},"end":{"line":20,"column":57}},"5":{"start":{"line":22,"column":4},"end":{"line":25,"column":5}},"6":{"start":{"line":23,"column":6},"end":{"line":23,"column":64}},"7":{"start":{"line":24,"column":6},"end":{"line":24,"column":55}},"8":{"start":{"line":27,"column":4},"end":{"line":27,"column":33}},"9":{"start":{"line":38,"column":4},"end":{"line":38,"column":10}},"10":{"start":{"line":39,"column":4},"end":{"line":39,"column":32}},"11":{"start":{"line":40,"column":4},"end":{"line":40,"column":29}},"12":{"start":{"line":42,"column":4},"end":{"line":48,"column":5}},"13":{"start":{"line":43,"column":6},"end":{"line":45,"column":7}},"14":{"start":{"line":44,"column":8},"end":{"line":44,"column":44}},"15":{"start":{"line":47,"column":6},"end":{"line":47,"column":31}},"16":{"start":{"line":55,"column":0},"end":{"line":93,"column":3}},"17":{"start":{"line":60,"column":4},"end":{"line":62,"column":5}},"18":{"start":{"line":61,"column":6},"end":{"line":61,"column":35}},"19":{"start":{"line":65,"column":4},"end":{"line":65,"column":54}},"20":{"start":{"line":66,"column":4},"end":{"line":66,"column":59}},"21":{"start":{"line":68,"column":4},"end":{"line":68,"column":33}},"22":{"start":{"line":77,"column":4},"end":{"line":77,"column":51}},"23":{"start":{"line":79,"column":4},"end":{"line":81,"column":5}},"24":{"start":{"line":80,"column":6},"end":{"line":80,"column":85}},"25":{"start":{"line":83,"column":4},"end":{"line":83,"column":20}},"26":{"start":{"line":91,"column":4},"end":{"line":91,"column":35}}},"branchMap":{"1":{"line":22,"type":"if","locations":[{"start":{"line":22,"column":4},"end":{"line":22,"column":4}},{"start":{"line":22,"column":4},"end":{"line":22,"column":4}}]},"2":{"line":42,"type":"if","locations":[{"start":{"line":42,"column":4},"end":{"line":42,"column":4}},{"start":{"line":42,"column":4},"end":{"line":42,"column":4}}]},"3":{"line":60,"type":"if","locations":[{"start":{"line":60,"column":4},"end":{"line":60,"column":4}},{"start":{"line":60,"column":4},"end":{"line":60,"column":4}}]},"4":{"line":79,"type":"if","locations":[{"start":{"line":79,"column":4},"end":{"line":79,"column":4}},{"start":{"line":79,"column":4},"end":{"line":79,"column":4}}]},"5":{"line":79,"type":"binary-expr","locations":[{"start":{"line":79,"column":8},"end":{"line":79,"column":17}},{"start":{"line":79,"column":21},"end":{"line":79,"column":42}}]}}},"./src/marionette.renderer.js":{"path":"./src/marionette.renderer.js","s":{"1":1,"2":181,"3":3,"4":3,"5":3,"6":178,"7":178,"8":53,"9":125,"10":178},"b":{"1":[3,178],"2":[53,125]},"f":{"1":181},"fnMap":{"1":{"name":"(anonymous_1)","line":12,"loc":{"start":{"line":12,"column":10},"end":{"line":12,"column":34}}}},"statementMap":{"1":{"start":{"line":6,"column":0},"end":{"line":29,"column":2}},"2":{"start":{"line":14,"column":4},"end":{"line":18,"column":5}},"3":{"start":{"line":15,"column":6},"end":{"line":15,"column":95}},"4":{"start":{"line":16,"column":6},"end":{"line":16,"column":43}},"5":{"start":{"line":17,"column":6},"end":{"line":17,"column":18}},"6":{"start":{"line":20,"column":4},"end":{"line":20,"column":21}},"7":{"start":{"line":21,"column":4},"end":{"line":25,"column":5}},"8":{"start":{"line":22,"column":6},"end":{"line":22,"column":30}},"9":{"start":{"line":24,"column":6},"end":{"line":24,"column":60}},"10":{"start":{"line":27,"column":4},"end":{"line":27,"column":30}}},"branchMap":{"1":{"line":14,"type":"if","locations":[{"start":{"line":14,"column":4},"end":{"line":14,"column":4}},{"start":{"line":14,"column":4},"end":{"line":14,"column":4}}]},"2":{"line":21,"type":"if","locations":[{"start":{"line":21,"column":4},"end":{"line":21,"column":4}},{"start":{"line":21,"column":4},"end":{"line":21,"column":4}}]}}},"./src/marionette.callbacks.js":{"path":"./src/marionette.callbacks.js","s":{"1":1,"2":389,"3":389,"4":1,"5":235,"6":235,"7":120,"8":1,"9":120,"10":163,"11":30,"12":30,"13":30,"14":30,"15":35},"b":{"1":[1,119]},"f":{"1":389,"2":235,"3":120,"4":163,"5":30,"6":35},"fnMap":{"1":{"name":"(anonymous_1)","line":7,"loc":{"start":{"line":7,"column":23},"end":{"line":7,"column":33}}},"2":{"name":"(anonymous_2)","line":17,"loc":{"start":{"line":17,"column":7},"end":{"line":17,"column":42}}},"3":{"name":"(anonymous_3)","line":20,"loc":{"start":{"line":20,"column":24},"end":{"line":20,"column":50}}},"4":{"name":"(anonymous_4)","line":29,"loc":{"start":{"line":29,"column":7},"end":{"line":29,"column":33}}},"5":{"name":"(anonymous_5)","line":35,"loc":{"start":{"line":35,"column":9},"end":{"line":35,"column":19}}},"6":{"name":"(anonymous_6)","line":40,"loc":{"start":{"line":40,"column":22},"end":{"line":40,"column":34}}}},"statementMap":{"1":{"start":{"line":7,"column":0},"end":{"line":10,"column":2}},"2":{"start":{"line":8,"column":2},"end":{"line":8,"column":43}},"3":{"start":{"line":9,"column":2},"end":{"line":9,"column":23}},"4":{"start":{"line":12,"column":0},"end":{"line":44,"column":3}},"5":{"start":{"line":18,"column":4},"end":{"line":18,"column":63}},"6":{"start":{"line":20,"column":4},"end":{"line":23,"column":7}},"7":{"start":{"line":21,"column":6},"end":{"line":21,"column":56}},"8":{"start":{"line":21,"column":28},"end":{"line":21,"column":54}},"9":{"start":{"line":22,"column":6},"end":{"line":22,"column":38}},"10":{"start":{"line":30,"column":4},"end":{"line":30,"column":45}},"11":{"start":{"line":36,"column":4},"end":{"line":36,"column":36}},"12":{"start":{"line":37,"column":4},"end":{"line":37,"column":45}},"13":{"start":{"line":38,"column":4},"end":{"line":38,"column":25}},"14":{"start":{"line":40,"column":4},"end":{"line":42,"column":13}},"15":{"start":{"line":41,"column":6},"end":{"line":41,"column":30}}},"branchMap":{"1":{"line":21,"type":"if","locations":[{"start":{"line":21,"column":6},"end":{"line":21,"column":6}},{"start":{"line":21,"column":6},"end":{"line":21,"column":6}}]}}}}